{"C:\\Users\\User\\Desktop\\Group8_MealOrderAPP\\frontend_user\\src\\Home.js": {"path":"C:\\Users\\User\\Desktop\\Group8_MealOrderAPP\\frontend_user\\src\\Home.js","statementMap":{"0":{"start":{"line":14,"column":19},"end":{"line":14,"column":32}},"1":{"start":{"line":16,"column":21},"end":{"line":16,"column":32}},"2":{"start":{"line":17,"column":24},"end":{"line":17,"column":38}},"3":{"start":{"line":19,"column":2},"end":{"line":28,"column":15}},"4":{"start":{"line":20,"column":20},"end":{"line":20,"column":26}},"5":{"start":{"line":22,"column":19},"end":{"line":22,"column":23}},"6":{"start":{"line":24,"column":4},"end":{"line":27,"column":7}},"7":{"start":{"line":25,"column":6},"end":{"line":25,"column":23}},"8":{"start":{"line":26,"column":6},"end":{"line":26,"column":18}},"9":{"start":{"line":31,"column":26},"end":{"line":31,"column":38}},"10":{"start":{"line":32,"column":28},"end":{"line":32,"column":42}},"11":{"start":{"line":33,"column":2},"end":{"line":33,"column":21}},"12":{"start":{"line":34,"column":2},"end":{"line":73,"column":15}},"13":{"start":{"line":35,"column":22},"end":{"line":70,"column":5}},"14":{"start":{"line":36,"column":6},"end":{"line":69,"column":7}},"15":{"start":{"line":37,"column":26},"end":{"line":37,"column":46}},"16":{"start":{"line":38,"column":25},"end":{"line":38,"column":89}},"17":{"start":{"line":40,"column":8},"end":{"line":42,"column":9}},"18":{"start":{"line":41,"column":10},"end":{"line":41,"column":57}},"19":{"start":{"line":45,"column":29},"end":{"line":45,"column":50}},"20":{"start":{"line":46,"column":8},"end":{"line":46,"column":52}},"21":{"start":{"line":48,"column":21},"end":{"line":48,"column":45}},"22":{"start":{"line":51,"column":8},"end":{"line":65,"column":9}},"23":{"start":{"line":53,"column":34},"end":{"line":59,"column":11}},"24":{"start":{"line":61,"column":10},"end":{"line":61,"column":35}},"25":{"start":{"line":64,"column":10},"end":{"line":64,"column":64}},"26":{"start":{"line":67,"column":8},"end":{"line":67,"column":53}},"27":{"start":{"line":68,"column":8},"end":{"line":68,"column":40}},"28":{"start":{"line":72,"column":4},"end":{"line":72,"column":16}},"29":{"start":{"line":75,"column":2},"end":{"line":78,"column":3}},"30":{"start":{"line":76,"column":4},"end":{"line":76,"column":64}},"31":{"start":{"line":77,"column":4},"end":{"line":77,"column":16}},"32":{"start":{"line":80,"column":28},"end":{"line":107,"column":3}},"33":{"start":{"line":82,"column":24},"end":{"line":82,"column":51}},"34":{"start":{"line":85,"column":4},"end":{"line":85,"column":65}},"35":{"start":{"line":85,"column":27},"end":{"line":85,"column":62}},"36":{"start":{"line":88,"column":4},"end":{"line":106,"column":71}},"37":{"start":{"line":104,"column":26},"end":{"line":104,"column":41}},"38":{"start":{"line":105,"column":22},"end":{"line":105,"column":69}},"39":{"start":{"line":106,"column":24},"end":{"line":106,"column":69}},"40":{"start":{"line":112,"column":16},"end":{"line":122,"column":3}},"41":{"start":{"line":124,"column":2},"end":{"line":189,"column":4}}},"fnMap":{"0":{"name":"Home","decl":{"start":{"line":13,"column":9},"end":{"line":13,"column":13}},"loc":{"start":{"line":13,"column":16},"end":{"line":190,"column":1}},"line":13},"1":{"name":"(anonymous_1)","decl":{"start":{"line":19,"column":12},"end":{"line":19,"column":13}},"loc":{"start":{"line":19,"column":18},"end":{"line":28,"column":3}},"line":19},"2":{"name":"(anonymous_2)","decl":{"start":{"line":24,"column":48},"end":{"line":24,"column":49}},"loc":{"start":{"line":24,"column":57},"end":{"line":27,"column":5}},"line":24},"3":{"name":"(anonymous_3)","decl":{"start":{"line":34,"column":12},"end":{"line":34,"column":13}},"loc":{"start":{"line":34,"column":18},"end":{"line":73,"column":3}},"line":34},"4":{"name":"(anonymous_4)","decl":{"start":{"line":35,"column":22},"end":{"line":35,"column":23}},"loc":{"start":{"line":35,"column":34},"end":{"line":70,"column":5}},"line":35},"5":{"name":"(anonymous_5)","decl":{"start":{"line":80,"column":28},"end":{"line":80,"column":29}},"loc":{"start":{"line":80,"column":42},"end":{"line":107,"column":3}},"line":80},"6":{"name":"(anonymous_6)","decl":{"start":{"line":85,"column":12},"end":{"line":85,"column":13}},"loc":{"start":{"line":85,"column":27},"end":{"line":85,"column":62}},"line":85},"7":{"name":"(anonymous_7)","decl":{"start":{"line":104,"column":12},"end":{"line":104,"column":13}},"loc":{"start":{"line":104,"column":26},"end":{"line":104,"column":41}},"line":104},"8":{"name":"(anonymous_8)","decl":{"start":{"line":105,"column":12},"end":{"line":105,"column":13}},"loc":{"start":{"line":105,"column":22},"end":{"line":105,"column":69}},"line":105},"9":{"name":"(anonymous_9)","decl":{"start":{"line":106,"column":13},"end":{"line":106,"column":14}},"loc":{"start":{"line":106,"column":24},"end":{"line":106,"column":69}},"line":106}},"branchMap":{"0":{"loc":{"start":{"line":40,"column":8},"end":{"line":42,"column":9}},"type":"if","locations":[{"start":{"line":40,"column":8},"end":{"line":42,"column":9}},{"start":{},"end":{}}],"line":40},"1":{"loc":{"start":{"line":51,"column":8},"end":{"line":65,"column":9}},"type":"if","locations":[{"start":{"line":51,"column":8},"end":{"line":65,"column":9}},{"start":{"line":62,"column":15},"end":{"line":65,"column":9}}],"line":51},"2":{"loc":{"start":{"line":51,"column":12},"end":{"line":51,"column":53}},"type":"binary-expr","locations":[{"start":{"line":51,"column":12},"end":{"line":51,"column":36}},{"start":{"line":51,"column":40},"end":{"line":51,"column":53}}],"line":51},"3":{"loc":{"start":{"line":58,"column":19},"end":{"line":58,"column":51}},"type":"binary-expr","locations":[{"start":{"line":58,"column":19},"end":{"line":58,"column":29}},{"start":{"line":58,"column":33},"end":{"line":58,"column":51}}],"line":58},"4":{"loc":{"start":{"line":75,"column":2},"end":{"line":78,"column":3}},"type":"if","locations":[{"start":{"line":75,"column":2},"end":{"line":78,"column":3}},{"start":{},"end":{}}],"line":75},"5":{"loc":{"start":{"line":75,"column":6},"end":{"line":75,"column":60}},"type":"binary-expr","locations":[{"start":{"line":75,"column":6},"end":{"line":75,"column":9}},{"start":{"line":75,"column":13},"end":{"line":75,"column":30}},{"start":{"line":75,"column":34},"end":{"line":75,"column":60}}],"line":75},"6":{"loc":{"start":{"line":137,"column":13},"end":{"line":145,"column":13}},"type":"binary-expr","locations":[{"start":{"line":137,"column":13},"end":{"line":137,"column":17}},{"start":{"line":138,"column":14},"end":{"line":144,"column":20}}],"line":137},"7":{"loc":{"start":{"line":146,"column":13},"end":{"line":154,"column":13}},"type":"binary-expr","locations":[{"start":{"line":146,"column":13},"end":{"line":146,"column":17}},{"start":{"line":147,"column":14},"end":{"line":153,"column":20}}],"line":146},"8":{"loc":{"start":{"line":155,"column":13},"end":{"line":163,"column":13}},"type":"binary-expr","locations":[{"start":{"line":155,"column":13},"end":{"line":155,"column":17}},{"start":{"line":156,"column":14},"end":{"line":162,"column":20}}],"line":155}},"s":{"0":5,"1":5,"2":5,"3":4,"4":2,"5":2,"6":2,"7":0,"8":0,"9":4,"10":4,"11":4,"12":4,"13":2,"14":2,"15":2,"16":2,"17":2,"18":0,"19":2,"20":2,"21":2,"22":2,"23":2,"24":2,"25":0,"26":0,"27":0,"28":2,"29":4,"30":0,"31":0,"32":4,"33":0,"34":0,"35":0,"36":0,"37":0,"38":0,"39":0,"40":4,"41":4},"f":{"0":5,"1":2,"2":0,"3":2,"4":2,"5":0,"6":0,"7":0,"8":0,"9":0},"b":{"0":[0,2],"1":[2,0],"2":[2,2],"3":[2,0],"4":[0,4],"5":[4,0,0],"6":[4,4],"7":[4,4],"8":[4,4]},"_coverageSchema":"1a1c01bbd47fc00a2c39e90264f33305004495a9","hash":"b419c48caaea7a89963401756a0405433dbe5d42"}
,"C:\\Users\\User\\Desktop\\Group8_MealOrderAPP\\frontend_user\\src\\Main.js": {"path":"C:\\Users\\User\\Desktop\\Group8_MealOrderAPP\\frontend_user\\src\\Main.js","statementMap":{"0":{"start":{"line":15,"column":44},"end":{"line":15,"column":59}},"1":{"start":{"line":16,"column":50},"end":{"line":16,"column":66}},"2":{"start":{"line":17,"column":44},"end":{"line":17,"column":56}},"3":{"start":{"line":18,"column":21},"end":{"line":18,"column":32}},"4":{"start":{"line":19,"column":26},"end":{"line":19,"column":41}},"5":{"start":{"line":20,"column":51},"end":{"line":20,"column":63}},"6":{"start":{"line":21,"column":28},"end":{"line":21,"column":42}},"7":{"start":{"line":22,"column":2},"end":{"line":22,"column":21}},"8":{"start":{"line":23,"column":24},"end":{"line":23,"column":38}},"9":{"start":{"line":24,"column":19},"end":{"line":24,"column":32}},"10":{"start":{"line":26,"column":2},"end":{"line":35,"column":15}},"11":{"start":{"line":27,"column":20},"end":{"line":27,"column":26}},"12":{"start":{"line":29,"column":19},"end":{"line":29,"column":23}},"13":{"start":{"line":31,"column":4},"end":{"line":34,"column":7}},"14":{"start":{"line":32,"column":6},"end":{"line":32,"column":23}},"15":{"start":{"line":33,"column":6},"end":{"line":33,"column":18}},"16":{"start":{"line":37,"column":2},"end":{"line":92,"column":25}},"17":{"start":{"line":38,"column":22},"end":{"line":89,"column":5}},"18":{"start":{"line":39,"column":6},"end":{"line":88,"column":7}},"19":{"start":{"line":40,"column":25},"end":{"line":42,"column":9}},"20":{"start":{"line":44,"column":8},"end":{"line":46,"column":9}},"21":{"start":{"line":45,"column":10},"end":{"line":45,"column":57}},"22":{"start":{"line":48,"column":29},"end":{"line":48,"column":50}},"23":{"start":{"line":49,"column":8},"end":{"line":49,"column":52}},"24":{"start":{"line":51,"column":21},"end":{"line":51,"column":45}},"25":{"start":{"line":54,"column":8},"end":{"line":84,"column":9}},"26":{"start":{"line":56,"column":34},"end":{"line":76,"column":16}},"27":{"start":{"line":57,"column":27},"end":{"line":57,"column":44}},"28":{"start":{"line":58,"column":33},"end":{"line":64,"column":13}},"29":{"start":{"line":65,"column":12},"end":{"line":75,"column":14}},"30":{"start":{"line":79,"column":10},"end":{"line":79,"column":42}},"31":{"start":{"line":80,"column":10},"end":{"line":80,"column":24}},"32":{"start":{"line":83,"column":10},"end":{"line":83,"column":64}},"33":{"start":{"line":86,"column":8},"end":{"line":86,"column":53}},"34":{"start":{"line":87,"column":8},"end":{"line":87,"column":40}},"35":{"start":{"line":91,"column":4},"end":{"line":91,"column":16}},"36":{"start":{"line":94,"column":2},"end":{"line":94,"column":47}},"37":{"start":{"line":95,"column":44},"end":{"line":95,"column":56}},"38":{"start":{"line":96,"column":2},"end":{"line":117,"column":25}},"39":{"start":{"line":97,"column":22},"end":{"line":114,"column":5}},"40":{"start":{"line":98,"column":6},"end":{"line":113,"column":7}},"41":{"start":{"line":99,"column":25},"end":{"line":99,"column":107}},"42":{"start":{"line":101,"column":8},"end":{"line":103,"column":9}},"43":{"start":{"line":102,"column":10},"end":{"line":102,"column":57}},"44":{"start":{"line":105,"column":29},"end":{"line":105,"column":50}},"45":{"start":{"line":106,"column":8},"end":{"line":106,"column":52}},"46":{"start":{"line":108,"column":21},"end":{"line":108,"column":45}},"47":{"start":{"line":109,"column":8},"end":{"line":109,"column":25}},"48":{"start":{"line":111,"column":8},"end":{"line":111,"column":53}},"49":{"start":{"line":112,"column":8},"end":{"line":112,"column":40}},"50":{"start":{"line":116,"column":4},"end":{"line":116,"column":16}},"51":{"start":{"line":119,"column":28},"end":{"line":121,"column":3}},"52":{"start":{"line":120,"column":4},"end":{"line":120,"column":36}},"53":{"start":{"line":123,"column":31},"end":{"line":125,"column":3}},"54":{"start":{"line":124,"column":4},"end":{"line":124,"column":39}},"55":{"start":{"line":127,"column":2},"end":{"line":130,"column":3}},"56":{"start":{"line":128,"column":4},"end":{"line":128,"column":64}},"57":{"start":{"line":129,"column":4},"end":{"line":129,"column":16}},"58":{"start":{"line":132,"column":2},"end":{"line":253,"column":4}},"59":{"start":{"line":182,"column":14},"end":{"line":182,"column":67}},"60":{"start":{"line":192,"column":16},"end":{"line":242,"column":23}}},"fnMap":{"0":{"name":"Main","decl":{"start":{"line":14,"column":9},"end":{"line":14,"column":13}},"loc":{"start":{"line":14,"column":16},"end":{"line":254,"column":1}},"line":14},"1":{"name":"(anonymous_1)","decl":{"start":{"line":26,"column":12},"end":{"line":26,"column":13}},"loc":{"start":{"line":26,"column":18},"end":{"line":35,"column":3}},"line":26},"2":{"name":"(anonymous_2)","decl":{"start":{"line":31,"column":48},"end":{"line":31,"column":49}},"loc":{"start":{"line":31,"column":57},"end":{"line":34,"column":5}},"line":31},"3":{"name":"(anonymous_3)","decl":{"start":{"line":37,"column":12},"end":{"line":37,"column":13}},"loc":{"start":{"line":37,"column":18},"end":{"line":92,"column":3}},"line":37},"4":{"name":"(anonymous_4)","decl":{"start":{"line":38,"column":22},"end":{"line":38,"column":23}},"loc":{"start":{"line":38,"column":34},"end":{"line":89,"column":5}},"line":38},"5":{"name":"(anonymous_5)","decl":{"start":{"line":56,"column":59},"end":{"line":56,"column":60}},"loc":{"start":{"line":56,"column":73},"end":{"line":76,"column":11}},"line":56},"6":{"name":"(anonymous_6)","decl":{"start":{"line":96,"column":12},"end":{"line":96,"column":13}},"loc":{"start":{"line":96,"column":18},"end":{"line":117,"column":3}},"line":96},"7":{"name":"(anonymous_7)","decl":{"start":{"line":97,"column":22},"end":{"line":97,"column":23}},"loc":{"start":{"line":97,"column":34},"end":{"line":114,"column":5}},"line":97},"8":{"name":"(anonymous_8)","decl":{"start":{"line":119,"column":28},"end":{"line":119,"column":29}},"loc":{"start":{"line":119,"column":47},"end":{"line":121,"column":3}},"line":119},"9":{"name":"(anonymous_9)","decl":{"start":{"line":123,"column":31},"end":{"line":123,"column":32}},"loc":{"start":{"line":123,"column":50},"end":{"line":125,"column":3}},"line":123},"10":{"name":"(anonymous_10)","decl":{"start":{"line":181,"column":31},"end":{"line":181,"column":32}},"loc":{"start":{"line":182,"column":14},"end":{"line":182,"column":67}},"line":182},"11":{"name":"(anonymous_11)","decl":{"start":{"line":191,"column":33},"end":{"line":191,"column":34}},"loc":{"start":{"line":192,"column":16},"end":{"line":242,"column":23}},"line":192}},"branchMap":{"0":{"loc":{"start":{"line":44,"column":8},"end":{"line":46,"column":9}},"type":"if","locations":[{"start":{"line":44,"column":8},"end":{"line":46,"column":9}},{"start":{},"end":{}}],"line":44},"1":{"loc":{"start":{"line":54,"column":8},"end":{"line":84,"column":9}},"type":"if","locations":[{"start":{"line":54,"column":8},"end":{"line":84,"column":9}},{"start":{"line":81,"column":15},"end":{"line":84,"column":9}}],"line":54},"2":{"loc":{"start":{"line":54,"column":12},"end":{"line":54,"column":53}},"type":"binary-expr","locations":[{"start":{"line":54,"column":12},"end":{"line":54,"column":36}},{"start":{"line":54,"column":40},"end":{"line":54,"column":53}}],"line":54},"3":{"loc":{"start":{"line":69,"column":22},"end":{"line":69,"column":57}},"type":"binary-expr","locations":[{"start":{"line":69,"column":22},"end":{"line":69,"column":36}},{"start":{"line":69,"column":40},"end":{"line":69,"column":57}}],"line":69},"4":{"loc":{"start":{"line":71,"column":30},"end":{"line":71,"column":81}},"type":"binary-expr","locations":[{"start":{"line":71,"column":30},"end":{"line":71,"column":52}},{"start":{"line":71,"column":56},"end":{"line":71,"column":81}}],"line":71},"5":{"loc":{"start":{"line":72,"column":26},"end":{"line":72,"column":69}},"type":"binary-expr","locations":[{"start":{"line":72,"column":26},"end":{"line":72,"column":44}},{"start":{"line":72,"column":48},"end":{"line":72,"column":69}}],"line":72},"6":{"loc":{"start":{"line":73,"column":25},"end":{"line":73,"column":66}},"type":"binary-expr","locations":[{"start":{"line":73,"column":25},"end":{"line":73,"column":42}},{"start":{"line":73,"column":46},"end":{"line":73,"column":66}}],"line":73},"7":{"loc":{"start":{"line":101,"column":8},"end":{"line":103,"column":9}},"type":"if","locations":[{"start":{"line":101,"column":8},"end":{"line":103,"column":9}},{"start":{},"end":{}}],"line":101},"8":{"loc":{"start":{"line":127,"column":2},"end":{"line":130,"column":3}},"type":"if","locations":[{"start":{"line":127,"column":2},"end":{"line":130,"column":3}},{"start":{},"end":{}}],"line":127},"9":{"loc":{"start":{"line":127,"column":6},"end":{"line":127,"column":60}},"type":"binary-expr","locations":[{"start":{"line":127,"column":6},"end":{"line":127,"column":9}},{"start":{"line":127,"column":13},"end":{"line":127,"column":30}},{"start":{"line":127,"column":34},"end":{"line":127,"column":60}}],"line":127},"10":{"loc":{"start":{"line":177,"column":10},"end":{"line":186,"column":15}},"type":"binary-expr","locations":[{"start":{"line":177,"column":10},"end":{"line":177,"column":23}},{"start":{"line":178,"column":8},"end":{"line":186,"column":14}}],"line":177},"11":{"loc":{"start":{"line":189,"column":11},"end":{"line":245,"column":11}},"type":"binary-expr","locations":[{"start":{"line":189,"column":11},"end":{"line":189,"column":36}},{"start":{"line":190,"column":12},"end":{"line":244,"column":18}}],"line":189}},"s":{"0":6,"1":6,"2":6,"3":6,"4":6,"5":6,"6":6,"7":6,"8":6,"9":6,"10":6,"11":3,"12":3,"13":3,"14":0,"15":0,"16":6,"17":3,"18":3,"19":3,"20":3,"21":0,"22":3,"23":3,"24":3,"25":3,"26":3,"27":5,"28":5,"29":5,"30":3,"31":3,"32":0,"33":0,"34":0,"35":3,"36":6,"37":6,"38":6,"39":3,"40":3,"41":3,"42":3,"43":0,"44":3,"45":3,"46":3,"47":3,"48":0,"49":0,"50":3,"51":6,"52":0,"53":6,"54":0,"55":6,"56":0,"57":0,"58":6,"59":0,"60":0},"f":{"0":6,"1":3,"2":0,"3":3,"4":3,"5":5,"6":3,"7":3,"8":0,"9":0,"10":0,"11":0},"b":{"0":[0,3],"1":[3,0],"2":[3,3],"3":[5,1],"4":[5,1],"5":[5,1],"6":[5,1],"7":[0,3],"8":[0,6],"9":[6,0,0],"10":[6,3],"11":[6,6]},"_coverageSchema":"1a1c01bbd47fc00a2c39e90264f33305004495a9","hash":"19694d47912e3bfdf858e49e5325f88c4f68e1b4"}
,"C:\\Users\\User\\Desktop\\Group8_MealOrderAPP\\frontend_user\\src\\login system\\Login.js": {"path":"C:\\Users\\User\\Desktop\\Group8_MealOrderAPP\\frontend_user\\src\\login system\\Login.js","statementMap":{"0":{"start":{"line":7,"column":30},"end":{"line":10,"column":4}},"1":{"start":{"line":11,"column":19},"end":{"line":11,"column":32}},"2":{"start":{"line":12,"column":30},"end":{"line":12,"column":42}},"3":{"start":{"line":13,"column":22},"end":{"line":18,"column":3}},"4":{"start":{"line":14,"column":4},"end":{"line":17,"column":8}},"5":{"start":{"line":14,"column":25},"end":{"line":17,"column":5}},"6":{"start":{"line":19,"column":23},"end":{"line":62,"column":3}},"7":{"start":{"line":20,"column":4},"end":{"line":20,"column":27}},"8":{"start":{"line":21,"column":4},"end":{"line":21,"column":34}},"9":{"start":{"line":22,"column":4},"end":{"line":22,"column":24}},"10":{"start":{"line":23,"column":4},"end":{"line":61,"column":5}},"11":{"start":{"line":39,"column":8},"end":{"line":60,"column":9}},"12":{"start":{"line":40,"column":27},"end":{"line":49,"column":11}},"13":{"start":{"line":51,"column":10},"end":{"line":57,"column":11}},"14":{"start":{"line":52,"column":33},"end":{"line":52,"column":54}},"15":{"start":{"line":53,"column":12},"end":{"line":53,"column":66}},"16":{"start":{"line":54,"column":12},"end":{"line":54,"column":54}},"17":{"start":{"line":56,"column":12},"end":{"line":56,"column":55}},"18":{"start":{"line":59,"column":10},"end":{"line":59,"column":41}},"19":{"start":{"line":64,"column":2},"end":{"line":125,"column":4}}},"fnMap":{"0":{"name":"Login","decl":{"start":{"line":6,"column":9},"end":{"line":6,"column":14}},"loc":{"start":{"line":6,"column":17},"end":{"line":126,"column":1}},"line":6},"1":{"name":"(anonymous_1)","decl":{"start":{"line":13,"column":22},"end":{"line":13,"column":23}},"loc":{"start":{"line":13,"column":33},"end":{"line":18,"column":3}},"line":13},"2":{"name":"(anonymous_2)","decl":{"start":{"line":14,"column":14},"end":{"line":14,"column":15}},"loc":{"start":{"line":14,"column":25},"end":{"line":17,"column":5}},"line":14},"3":{"name":"(anonymous_3)","decl":{"start":{"line":19,"column":23},"end":{"line":19,"column":24}},"loc":{"start":{"line":19,"column":40},"end":{"line":62,"column":3}},"line":19}},"branchMap":{"0":{"loc":{"start":{"line":23,"column":4},"end":{"line":61,"column":5}},"type":"if","locations":[{"start":{"line":23,"column":4},"end":{"line":61,"column":5}},{"start":{},"end":{}}],"line":23},"1":{"loc":{"start":{"line":23,"column":8},"end":{"line":23,"column":53}},"type":"binary-expr","locations":[{"start":{"line":23,"column":8},"end":{"line":23,"column":27}},{"start":{"line":23,"column":31},"end":{"line":23,"column":53}}],"line":23},"2":{"loc":{"start":{"line":51,"column":10},"end":{"line":57,"column":11}},"type":"if","locations":[{"start":{"line":51,"column":10},"end":{"line":57,"column":11}},{"start":{"line":55,"column":17},"end":{"line":57,"column":11}}],"line":51},"3":{"loc":{"start":{"line":83,"column":13},"end":{"line":85,"column":13}},"type":"binary-expr","locations":[{"start":{"line":83,"column":13},"end":{"line":83,"column":25}},{"start":{"line":84,"column":14},"end":{"line":84,"column":65}}],"line":83},"4":{"loc":{"start":{"line":98,"column":13},"end":{"line":100,"column":13}},"type":"binary-expr","locations":[{"start":{"line":98,"column":13},"end":{"line":98,"column":28}},{"start":{"line":99,"column":14},"end":{"line":99,"column":68}}],"line":98}},"s":{"0":19,"1":19,"2":19,"3":19,"4":8,"5":8,"6":19,"7":4,"8":4,"9":4,"10":4,"11":0,"12":0,"13":0,"14":0,"15":0,"16":0,"17":0,"18":0,"19":19},"f":{"0":19,"1":8,"2":8,"3":4},"b":{"0":[0,4],"1":[4,0],"2":[0,0],"3":[19,1],"4":[19,4]},"_coverageSchema":"1a1c01bbd47fc00a2c39e90264f33305004495a9","hash":"95a7523389d290a3054eb94db668ff03d508022c"}
}
