TN:
SF:src\Home.js
FN:13,Home
FN:19,(anonymous_1)
FN:24,(anonymous_2)
FN:34,(anonymous_3)
FN:35,(anonymous_4)
FN:80,(anonymous_5)
FN:85,(anonymous_6)
FN:104,(anonymous_7)
FN:105,(anonymous_8)
FN:106,(anonymous_9)
FNF:10
FNH:4
FNDA:5,Home
FNDA:2,(anonymous_1)
FNDA:0,(anonymous_2)
FNDA:2,(anonymous_3)
FNDA:2,(anonymous_4)
FNDA:0,(anonymous_5)
FNDA:0,(anonymous_6)
FNDA:0,(anonymous_7)
FNDA:0,(anonymous_8)
FNDA:0,(anonymous_9)
DA:14,5
DA:16,5
DA:17,5
DA:19,4
DA:20,2
DA:22,2
DA:24,2
DA:25,0
DA:26,0
DA:31,4
DA:32,4
DA:33,4
DA:34,4
DA:35,2
DA:36,2
DA:37,2
DA:38,2
DA:40,2
DA:41,0
DA:45,2
DA:46,2
DA:48,2
DA:51,2
DA:53,2
DA:61,2
DA:64,0
DA:67,0
DA:68,0
DA:72,2
DA:75,4
DA:76,0
DA:77,0
DA:80,4
DA:82,0
DA:85,0
DA:88,0
DA:104,0
DA:105,0
DA:106,0
DA:112,4
DA:124,4
LF:41
LH:27
BRDA:40,0,0,0
BRDA:40,0,1,2
BRDA:51,1,0,2
BRDA:51,1,1,0
BRDA:51,2,0,2
BRDA:51,2,1,2
BRDA:58,3,0,2
BRDA:58,3,1,0
BRDA:75,4,0,0
BRDA:75,4,1,4
BRDA:75,5,0,4
BRDA:75,5,1,0
BRDA:75,5,2,0
BRDA:137,6,0,4
BRDA:137,6,1,4
BRDA:146,7,0,4
BRDA:146,7,1,4
BRDA:155,8,0,4
BRDA:155,8,1,4
BRF:19
BRH:13
end_of_record
TN:
SF:src\Main.js
FN:14,Main
FN:26,(anonymous_1)
FN:31,(anonymous_2)
FN:37,(anonymous_3)
FN:38,(anonymous_4)
FN:56,(anonymous_5)
FN:96,(anonymous_6)
FN:97,(anonymous_7)
FN:119,(anonymous_8)
FN:123,(anonymous_9)
FN:181,(anonymous_10)
FN:191,(anonymous_11)
FNF:12
FNH:7
FNDA:6,Main
FNDA:3,(anonymous_1)
FNDA:0,(anonymous_2)
FNDA:3,(anonymous_3)
FNDA:3,(anonymous_4)
FNDA:5,(anonymous_5)
FNDA:3,(anonymous_6)
FNDA:3,(anonymous_7)
FNDA:0,(anonymous_8)
FNDA:0,(anonymous_9)
FNDA:0,(anonymous_10)
FNDA:0,(anonymous_11)
DA:15,6
DA:16,6
DA:17,6
DA:18,6
DA:19,6
DA:20,6
DA:21,6
DA:22,6
DA:23,6
DA:24,6
DA:26,6
DA:27,3
DA:29,3
DA:31,3
DA:32,0
DA:33,0
DA:37,6
DA:38,3
DA:39,3
DA:40,3
DA:44,3
DA:45,0
DA:48,3
DA:49,3
DA:51,3
DA:54,3
DA:56,3
DA:57,5
DA:58,5
DA:65,5
DA:79,3
DA:80,3
DA:83,0
DA:86,0
DA:87,0
DA:91,3
DA:94,6
DA:95,6
DA:96,6
DA:97,3
DA:98,3
DA:99,3
DA:101,3
DA:102,0
DA:105,3
DA:106,3
DA:108,3
DA:109,3
DA:111,0
DA:112,0
DA:116,3
DA:119,6
DA:120,0
DA:123,6
DA:124,0
DA:127,6
DA:128,0
DA:129,0
DA:132,6
DA:182,0
DA:192,0
LF:61
LH:46
BRDA:44,0,0,0
BRDA:44,0,1,3
BRDA:54,1,0,3
BRDA:54,1,1,0
BRDA:54,2,0,3
BRDA:54,2,1,3
BRDA:69,3,0,5
BRDA:69,3,1,1
BRDA:71,4,0,5
BRDA:71,4,1,1
BRDA:72,5,0,5
BRDA:72,5,1,1
BRDA:73,6,0,5
BRDA:73,6,1,1
BRDA:101,7,0,0
BRDA:101,7,1,3
BRDA:127,8,0,0
BRDA:127,8,1,6
BRDA:127,9,0,6
BRDA:127,9,1,0
BRDA:127,9,2,0
BRDA:177,10,0,6
BRDA:177,10,1,3
BRDA:189,11,0,6
BRDA:189,11,1,6
BRF:25
BRH:19
end_of_record
TN:
SF:src\login system\Login.js
FN:6,Login
FN:13,(anonymous_1)
FN:14,(anonymous_2)
FN:19,(anonymous_3)
FNF:4
FNH:4
FNDA:19,Login
FNDA:8,(anonymous_1)
FNDA:8,(anonymous_2)
FNDA:4,(anonymous_3)
DA:7,19
DA:11,19
DA:12,19
DA:13,19
DA:14,8
DA:19,19
DA:20,4
DA:21,4
DA:22,4
DA:23,4
DA:39,0
DA:40,0
DA:51,0
DA:52,0
DA:53,0
DA:54,0
DA:56,0
DA:59,0
DA:64,19
LF:19
LH:11
BRDA:23,0,0,0
BRDA:23,0,1,4
BRDA:23,1,0,4
BRDA:23,1,1,0
BRDA:51,2,0,0
BRDA:51,2,1,0
BRDA:83,3,0,19
BRDA:83,3,1,1
BRDA:98,4,0,19
BRDA:98,4,1,4
BRF:10
BRH:6
end_of_record
