<?xml version="1.0" encoding="UTF-8"?>
<coverage generated="1702732824571" clover="3.2.0">
  <project timestamp="1702732824571" name="All files">
    <metrics statements="366" coveredstatements="297" conditionals="74" coveredconditionals="36" methods="24" coveredmethods="23" elements="464" coveredelements="356" complexity="0" loc="366" ncloc="366" packages="1" files="4" classes="4"/>
    <file name="ConsumerExpenseReportService.js" path="/Users/chenpoyen/Desktop/Projects/NTU TSMC Cloud Native Course Project/Group8_MealOrderAPP/services/ConsumerExpenseReportService.js">
      <metrics statements="34" coveredstatements="34" conditionals="0" coveredconditionals="0" methods="1" coveredmethods="1"/>
      <line num="1" count="1" type="stmt"/>
      <line num="2" count="1" type="stmt"/>
      <line num="3" count="1" type="stmt"/>
      <line num="4" count="1" type="stmt"/>
      <line num="6" count="1" type="stmt"/>
      <line num="8" count="1" type="stmt"/>
      <line num="9" count="1" type="stmt"/>
      <line num="10" count="1" type="stmt"/>
      <line num="11" count="1" type="stmt"/>
      <line num="12" count="1" type="stmt"/>
      <line num="13" count="1" type="stmt"/>
      <line num="14" count="1" type="stmt"/>
      <line num="15" count="1" type="stmt"/>
      <line num="16" count="1" type="stmt"/>
      <line num="17" count="1" type="stmt"/>
      <line num="22" count="1" type="stmt"/>
      <line num="47" count="1" type="stmt"/>
      <line num="48" count="1" type="stmt"/>
      <line num="49" count="1" type="stmt"/>
      <line num="50" count="1" type="stmt"/>
      <line num="51" count="1" type="stmt"/>
      <line num="53" count="1" type="stmt"/>
      <line num="54" count="1" type="stmt"/>
      <line num="55" count="1" type="stmt"/>
      <line num="56" count="1" type="stmt"/>
      <line num="58" count="1" type="stmt"/>
      <line num="59" count="1" type="stmt"/>
      <line num="60" count="1" type="stmt"/>
      <line num="61" count="1" type="stmt"/>
      <line num="62" count="1" type="stmt"/>
      <line num="63" count="1" type="stmt"/>
      <line num="64" count="1" type="stmt"/>
      <line num="67" count="1" type="stmt"/>
      <line num="69" count="1" type="stmt"/>
    </file>
    <file name="ConsumerInfoService.js" path="/Users/chenpoyen/Desktop/Projects/NTU TSMC Cloud Native Course Project/Group8_MealOrderAPP/services/ConsumerInfoService.js">
      <metrics statements="24" coveredstatements="24" conditionals="2" coveredconditionals="2" methods="2" coveredmethods="2"/>
      <line num="1" count="1" type="stmt"/>
      <line num="2" count="1" type="stmt"/>
      <line num="3" count="1" type="stmt"/>
      <line num="4" count="1" type="stmt"/>
      <line num="6" count="1" type="stmt"/>
      <line num="8" count="1" type="stmt"/>
      <line num="18" count="1" type="stmt"/>
      <line num="20" count="1" type="stmt"/>
      <line num="21" count="1" type="stmt"/>
      <line num="22" count="1" type="stmt"/>
      <line num="23" count="1" type="stmt"/>
      <line num="24" count="1" type="stmt"/>
      <line num="26" count="1" type="stmt"/>
      <line num="29" count="1" type="stmt"/>
      <line num="31" count="2" type="stmt"/>
      <line num="35" count="2" type="stmt"/>
      <line num="37" count="2" type="stmt"/>
      <line num="38" count="2" type="stmt"/>
      <line num="39" count="2" type="cond" truecount="2" falsecount="0"/>
      <line num="40" count="1" type="stmt"/>
      <line num="43" count="1" type="stmt"/>
      <line num="52" count="1" type="stmt"/>
      <line num="53" count="1" type="stmt"/>
      <line num="54" count="1" type="stmt"/>
    </file>
    <file name="RestaurantInfoService.js" path="/Users/chenpoyen/Desktop/Projects/NTU TSMC Cloud Native Course Project/Group8_MealOrderAPP/services/RestaurantInfoService.js">
      <metrics statements="185" coveredstatements="138" conditionals="42" coveredconditionals="18" methods="10" coveredmethods="9"/>
      <line num="1" count="1" type="stmt"/>
      <line num="2" count="1" type="stmt"/>
      <line num="3" count="1" type="stmt"/>
      <line num="5" count="1" type="stmt"/>
      <line num="6" count="1" type="stmt"/>
      <line num="32" count="1" type="stmt"/>
      <line num="35" count="1" type="cond" truecount="1" falsecount="1"/>
      <line num="38" count="1" type="stmt"/>
      <line num="39" count="1" type="cond" truecount="1" falsecount="1"/>
      <line num="40" count="0" type="stmt"/>
      <line num="44" count="1" type="cond" truecount="1" falsecount="1"/>
      <line num="47" count="1" type="stmt"/>
      <line num="68" count="1" type="stmt"/>
      <line num="69" count="1" type="stmt"/>
      <line num="70" count="1" type="stmt"/>
      <line num="71" count="1" type="stmt"/>
      <line num="78" count="1" type="stmt"/>
      <line num="79" count="1" type="stmt"/>
      <line num="82" count="1" type="stmt"/>
      <line num="86" count="0" type="stmt"/>
      <line num="88" count="0" type="stmt"/>
      <line num="89" count="0" type="stmt"/>
      <line num="93" count="1" type="stmt"/>
      <line num="94" count="0" type="stmt"/>
      <line num="120" count="0" type="stmt"/>
      <line num="123" count="0" type="cond" truecount="0" falsecount="2"/>
      <line num="126" count="0" type="stmt"/>
      <line num="127" count="0" type="cond" truecount="0" falsecount="2"/>
      <line num="128" count="0" type="stmt"/>
      <line num="132" count="0" type="cond" truecount="0" falsecount="2"/>
      <line num="136" count="0" type="stmt"/>
      <line num="137" count="0" type="cond" truecount="0" falsecount="2"/>
      <line num="138" count="0" type="stmt"/>
      <line num="141" count="0" type="stmt"/>
      <line num="161" count="0" type="stmt"/>
      <line num="166" count="0" type="stmt"/>
      <line num="167" count="0" type="stmt"/>
      <line num="168" count="0" type="stmt"/>
      <line num="169" count="0" type="stmt"/>
      <line num="176" count="0" type="stmt"/>
      <line num="177" count="0" type="stmt"/>
      <line num="178" count="0" type="stmt"/>
      <line num="181" count="0" type="stmt"/>
      <line num="183" count="0" type="stmt"/>
      <line num="186" count="0" type="stmt"/>
      <line num="188" count="0" type="stmt"/>
      <line num="189" count="0" type="stmt"/>
      <line num="193" count="1" type="stmt"/>
      <line num="194" count="1" type="stmt"/>
      <line num="208" count="1" type="cond" truecount="1" falsecount="1"/>
      <line num="209" count="0" type="stmt"/>
      <line num="212" count="1" type="stmt"/>
      <line num="213" count="1" type="cond" truecount="1" falsecount="1"/>
      <line num="214" count="0" type="stmt"/>
      <line num="218" count="1" type="stmt"/>
      <line num="222" count="2" type="stmt"/>
      <line num="227" count="2" type="stmt"/>
      <line num="236" count="1" type="cond" truecount="1" falsecount="1"/>
      <line num="237" count="0" type="stmt"/>
      <line num="242" count="1" type="stmt"/>
      <line num="245" count="1" type="stmt"/>
      <line num="246" count="1" type="stmt"/>
      <line num="260" count="1" type="cond" truecount="1" falsecount="1"/>
      <line num="261" count="0" type="stmt"/>
      <line num="265" count="1" type="stmt"/>
      <line num="266" count="1" type="stmt"/>
      <line num="267" count="1" type="stmt"/>
      <line num="268" count="5" type="cond" truecount="1" falsecount="1"/>
      <line num="269" count="0" type="stmt"/>
      <line num="272" count="1" type="stmt"/>
      <line num="277" count="1" type="stmt"/>
      <line num="278" count="1" type="stmt"/>
      <line num="304" count="1" type="stmt"/>
      <line num="305" count="1" type="stmt"/>
      <line num="306" count="1" type="stmt"/>
      <line num="307" count="2" type="stmt"/>
      <line num="310" count="2" type="stmt"/>
      <line num="311" count="2" type="stmt"/>
      <line num="312" count="2" type="stmt"/>
      <line num="314" count="2" type="stmt"/>
      <line num="325" count="2" type="cond" truecount="1" falsecount="1"/>
      <line num="327" count="2" type="stmt"/>
      <line num="329" count="2" type="stmt"/>
      <line num="331" count="2" type="stmt"/>
      <line num="332" count="2" type="stmt"/>
      <line num="333" count="2" type="stmt"/>
      <line num="334" count="2" type="stmt"/>
      <line num="335" count="2" type="stmt"/>
      <line num="336" count="2" type="stmt"/>
      <line num="337" count="2" type="stmt"/>
      <line num="339" count="2" type="stmt"/>
      <line num="340" count="2" type="stmt"/>
      <line num="343" count="1" type="stmt"/>
      <line num="346" count="1" type="stmt"/>
      <line num="347" count="1" type="stmt"/>
      <line num="376" count="1" type="stmt"/>
      <line num="377" count="1" type="stmt"/>
      <line num="378" count="1" type="stmt"/>
      <line num="379" count="2" type="stmt"/>
      <line num="382" count="2" type="stmt"/>
      <line num="383" count="2" type="stmt"/>
      <line num="384" count="2" type="stmt"/>
      <line num="386" count="2" type="stmt"/>
      <line num="397" count="2" type="cond" truecount="1" falsecount="1"/>
      <line num="399" count="2" type="stmt"/>
      <line num="401" count="2" type="stmt"/>
      <line num="403" count="2" type="stmt"/>
      <line num="404" count="2" type="stmt"/>
      <line num="405" count="2" type="stmt"/>
      <line num="406" count="2" type="stmt"/>
      <line num="407" count="2" type="stmt"/>
      <line num="408" count="2" type="stmt"/>
      <line num="409" count="2" type="stmt"/>
      <line num="411" count="2" type="stmt"/>
      <line num="412" count="2" type="stmt"/>
      <line num="415" count="1" type="stmt"/>
      <line num="418" count="1" type="stmt"/>
      <line num="419" count="1" type="stmt"/>
      <line num="446" count="1" type="stmt"/>
      <line num="449" count="1" type="stmt"/>
      <line num="450" count="1" type="stmt"/>
      <line num="451" count="1" type="stmt"/>
      <line num="452" count="1" type="stmt"/>
      <line num="453" count="1" type="stmt"/>
      <line num="455" count="1" type="stmt"/>
      <line num="458" count="1" type="stmt"/>
      <line num="459" count="1" type="cond" truecount="1" falsecount="1"/>
      <line num="460" count="1" type="stmt"/>
      <line num="464" count="0" type="stmt"/>
      <line num="466" count="1" type="stmt"/>
      <line num="467" count="1" type="cond" truecount="1" falsecount="1"/>
      <line num="468" count="1" type="stmt"/>
      <line num="472" count="0" type="stmt"/>
      <line num="478" count="1" type="cond" truecount="3" falsecount="1"/>
      <line num="480" count="1" type="stmt"/>
      <line num="483" count="1" type="stmt"/>
      <line num="494" count="1" type="cond" truecount="1" falsecount="1"/>
      <line num="496" count="1" type="stmt"/>
      <line num="498" count="1" type="stmt"/>
      <line num="499" count="1" type="stmt"/>
      <line num="500" count="1" type="stmt"/>
      <line num="501" count="1" type="stmt"/>
      <line num="502" count="1" type="stmt"/>
      <line num="503" count="1" type="stmt"/>
      <line num="504" count="1" type="stmt"/>
      <line num="505" count="1" type="stmt"/>
      <line num="506" count="1" type="stmt"/>
      <line num="507" count="1" type="stmt"/>
      <line num="508" count="2" type="stmt"/>
      <line num="510" count="1" type="stmt"/>
      <line num="512" count="1" type="stmt"/>
      <line num="513" count="1" type="stmt"/>
      <line num="516" count="0" type="stmt"/>
      <line num="517" count="0" type="stmt"/>
      <line num="518" count="0" type="stmt"/>
      <line num="520" count="0" type="stmt"/>
      <line num="523" count="0" type="stmt"/>
      <line num="524" count="0" type="stmt"/>
      <line num="525" count="0" type="stmt"/>
      <line num="527" count="0" type="stmt"/>
      <line num="528" count="0" type="stmt"/>
      <line num="529" count="0" type="stmt"/>
      <line num="533" count="1" type="stmt"/>
      <line num="536" count="1" type="stmt"/>
      <line num="537" count="1" type="stmt"/>
      <line num="548" count="1" type="stmt"/>
      <line num="549" count="1" type="stmt"/>
      <line num="550" count="1" type="cond" truecount="1" falsecount="1"/>
      <line num="551" count="1" type="stmt"/>
      <line num="555" count="0" type="stmt"/>
      <line num="557" count="1" type="stmt"/>
      <line num="558" count="1" type="cond" truecount="1" falsecount="1"/>
      <line num="559" count="1" type="stmt"/>
      <line num="563" count="0" type="stmt"/>
      <line num="566" count="1" type="stmt"/>
      <line num="568" count="1" type="stmt"/>
      <line num="569" count="1" type="stmt"/>
      <line num="570" count="1" type="stmt"/>
      <line num="571" count="1" type="stmt"/>
      <line num="572" count="1" type="stmt"/>
      <line num="573" count="1" type="stmt"/>
      <line num="575" count="1" type="stmt"/>
      <line num="580" count="1" type="stmt"/>
      <line num="585" count="1" type="stmt"/>
      <line num="587" count="1" type="stmt"/>
    </file>
    <file name="RestaurantSalesReportService.js" path="/Users/chenpoyen/Desktop/Projects/NTU TSMC Cloud Native Course Project/Group8_MealOrderAPP/services/RestaurantSalesReportService.js">
      <metrics statements="123" coveredstatements="101" conditionals="30" coveredconditionals="16" methods="11" coveredmethods="11"/>
      <line num="1" count="1" type="stmt"/>
      <line num="2" count="1" type="stmt"/>
      <line num="3" count="1" type="stmt"/>
      <line num="4" count="1" type="stmt"/>
      <line num="6" count="1" type="stmt"/>
      <line num="7" count="1" type="stmt"/>
      <line num="10" count="1" type="stmt"/>
      <line num="11" count="1" type="cond" truecount="1" falsecount="2"/>
      <line num="13" count="1" type="stmt"/>
      <line num="19" count="1" type="stmt"/>
      <line num="21" count="0" type="stmt"/>
      <line num="27" count="0" type="stmt"/>
      <line num="31" count="0" type="stmt"/>
      <line num="37" count="0" type="stmt"/>
      <line num="41" count="1" type="stmt"/>
      <line num="51" count="1" type="stmt"/>
      <line num="61" count="1" type="stmt"/>
      <line num="62" count="2" type="stmt"/>
      <line num="63" count="2" type="stmt"/>
      <line num="66" count="1" type="stmt"/>
      <line num="71" count="2" type="stmt"/>
      <line num="76" count="1" type="stmt"/>
      <line num="77" count="1" type="stmt"/>
      <line num="80" count="1" type="stmt"/>
      <line num="81" count="1" type="stmt"/>
      <line num="82" count="1" type="stmt"/>
      <line num="84" count="1" type="stmt"/>
      <line num="85" count="1" type="stmt"/>
      <line num="87" count="1" type="stmt"/>
      <line num="88" count="1" type="stmt"/>
      <line num="91" count="1" type="stmt"/>
      <line num="92" count="1" type="cond" truecount="1" falsecount="2"/>
      <line num="94" count="1" type="stmt"/>
      <line num="100" count="1" type="stmt"/>
      <line num="102" count="0" type="stmt"/>
      <line num="108" count="0" type="stmt"/>
      <line num="112" count="0" type="stmt"/>
      <line num="118" count="0" type="stmt"/>
      <line num="122" count="1" type="stmt"/>
      <line num="131" count="1" type="stmt"/>
      <line num="135" count="1" type="stmt"/>
      <line num="139" count="1" type="stmt"/>
      <line num="142" count="1" type="stmt"/>
      <line num="152" count="1" type="stmt"/>
      <line num="155" count="1" type="stmt"/>
      <line num="156" count="2" type="stmt"/>
      <line num="157" count="2" type="stmt"/>
      <line num="158" count="2" type="cond" truecount="3" falsecount="1"/>
      <line num="159" count="2" type="stmt"/>
      <line num="163" count="1" type="stmt"/>
      <line num="166" count="1" type="stmt"/>
      <line num="167" count="1" type="stmt"/>
      <line num="170" count="1" type="stmt"/>
      <line num="171" count="1" type="stmt"/>
      <line num="172" count="1" type="stmt"/>
      <line num="173" count="1" type="stmt"/>
      <line num="176" count="1" type="stmt"/>
      <line num="177" count="1" type="cond" truecount="1" falsecount="2"/>
      <line num="180" count="1" type="stmt"/>
      <line num="186" count="1" type="stmt"/>
      <line num="189" count="0" type="stmt"/>
      <line num="195" count="0" type="stmt"/>
      <line num="199" count="0" type="stmt"/>
      <line num="205" count="0" type="stmt"/>
      <line num="208" count="1" type="stmt"/>
      <line num="218" count="1" type="stmt"/>
      <line num="229" count="1" type="stmt"/>
      <line num="230" count="2" type="stmt"/>
      <line num="231" count="2" type="stmt"/>
      <line num="232" count="2" type="cond" truecount="3" falsecount="1"/>
      <line num="233" count="2" type="stmt"/>
      <line num="237" count="1" type="stmt"/>
      <line num="242" count="1" type="stmt"/>
      <line num="247" count="1" type="stmt"/>
      <line num="250" count="1" type="cond" truecount="1" falsecount="2"/>
      <line num="252" count="1" type="stmt"/>
      <line num="253" count="1" type="stmt"/>
      <line num="254" count="1" type="stmt"/>
      <line num="255" count="1" type="stmt"/>
      <line num="257" count="0" type="stmt"/>
      <line num="258" count="0" type="stmt"/>
      <line num="259" count="0" type="stmt"/>
      <line num="260" count="0" type="stmt"/>
      <line num="263" count="0" type="stmt"/>
      <line num="264" count="0" type="stmt"/>
      <line num="265" count="0" type="stmt"/>
      <line num="266" count="0" type="stmt"/>
      <line num="270" count="1" type="stmt"/>
      <line num="279" count="1" type="stmt"/>
      <line num="290" count="1" type="stmt"/>
      <line num="291" count="2" type="stmt"/>
      <line num="292" count="2" type="stmt"/>
      <line num="293" count="2" type="cond" truecount="3" falsecount="1"/>
      <line num="294" count="2" type="stmt"/>
      <line num="298" count="1" type="stmt"/>
      <line num="301" count="1" type="stmt"/>
      <line num="303" count="1" type="stmt"/>
      <line num="304" count="1" type="stmt"/>
      <line num="307" count="1" type="stmt"/>
      <line num="308" count="1" type="stmt"/>
      <line num="309" count="1" type="stmt"/>
      <line num="310" count="1" type="stmt"/>
      <line num="311" count="1" type="stmt"/>
      <line num="312" count="1" type="stmt"/>
      <line num="315" count="1" type="stmt"/>
      <line num="316" count="1" type="stmt"/>
      <line num="317" count="1" type="stmt"/>
      <line num="318" count="1" type="stmt"/>
      <line num="319" count="1" type="stmt"/>
      <line num="320" count="1" type="stmt"/>
      <line num="323" count="1" type="stmt"/>
      <line num="325" count="1" type="stmt"/>
      <line num="338" count="1" type="stmt"/>
      <line num="351" count="1" type="stmt"/>
      <line num="363" count="1" type="cond" truecount="1" falsecount="1"/>
      <line num="364" count="1" type="cond" truecount="1" falsecount="1"/>
      <line num="365" count="1" type="cond" truecount="1" falsecount="1"/>
      <line num="368" count="1" type="stmt"/>
      <line num="369" count="1" type="stmt"/>
      <line num="370" count="1" type="stmt"/>
      <line num="372" count="1" type="stmt"/>
      <line num="379" count="0" type="stmt"/>
      <line num="380" count="0" type="stmt"/>
    </file>
  </project>
</coverage>
