{"/Users/chenpoyen/Desktop/Projects/NTU TSMC Cloud Native Course Project/Group8_MealOrderAPP/services/ConsumerExpenseReportService.js": {"path":"/Users/chenpoyen/Desktop/Projects/NTU TSMC Cloud Native Course Project/Group8_MealOrderAPP/services/ConsumerExpenseReportService.js","statementMap":{"0":{"start":{"line":1,"column":16},"end":{"line":1,"column":34}},"1":{"start":{"line":2,"column":65},"end":{"line":2,"column":85}},"2":{"start":{"line":3,"column":15},"end":{"line":3,"column":35}},"3":{"start":{"line":4,"column":21},"end":{"line":4,"column":53}},"4":{"start":{"line":6,"column":0},"end":{"line":70,"column":2}},"5":{"start":{"line":8,"column":25},"end":{"line":8,"column":35}},"6":{"start":{"line":9,"column":4},"end":{"line":9,"column":37}},"7":{"start":{"line":10,"column":4},"end":{"line":10,"column":39}},"8":{"start":{"line":11,"column":4},"end":{"line":11,"column":30}},"9":{"start":{"line":12,"column":4},"end":{"line":12,"column":40}},"10":{"start":{"line":13,"column":23},"end":{"line":13,"column":33}},"11":{"start":{"line":14,"column":4},"end":{"line":14,"column":35}},"12":{"start":{"line":15,"column":4},"end":{"line":15,"column":33}},"13":{"start":{"line":16,"column":4},"end":{"line":16,"column":28}},"14":{"start":{"line":17,"column":4},"end":{"line":17,"column":43}},"15":{"start":{"line":22,"column":26},"end":{"line":43,"column":6}},"16":{"start":{"line":47,"column":18},"end":{"line":47,"column":20}},"17":{"start":{"line":48,"column":30},"end":{"line":48,"column":32}},"18":{"start":{"line":49,"column":4},"end":{"line":49,"column":36}},"19":{"start":{"line":50,"column":4},"end":{"line":50,"column":34}},"20":{"start":{"line":51,"column":4},"end":{"line":51,"column":53}},"21":{"start":{"line":53,"column":4},"end":{"line":65,"column":5}},"22":{"start":{"line":54,"column":33},"end":{"line":54,"column":35}},"23":{"start":{"line":55,"column":8},"end":{"line":55,"column":87}},"24":{"start":{"line":56,"column":8},"end":{"line":56,"column":73}},"25":{"start":{"line":58,"column":24},"end":{"line":58,"column":70}},"26":{"start":{"line":59,"column":22},"end":{"line":59,"column":44}},"27":{"start":{"line":60,"column":20},"end":{"line":60,"column":37}},"28":{"start":{"line":61,"column":30},"end":{"line":61,"column":48}},"29":{"start":{"line":62,"column":8},"end":{"line":62,"column":51}},"30":{"start":{"line":63,"column":8},"end":{"line":63,"column":82}},"31":{"start":{"line":64,"column":8},"end":{"line":64,"column":72}},"32":{"start":{"line":67,"column":4},"end":{"line":67,"column":45}},"33":{"start":{"line":69,"column":4},"end":{"line":69,"column":19}}},"fnMap":{"0":{"name":"(anonymous_0)","decl":{"start":{"line":6,"column":27},"end":{"line":6,"column":28}},"loc":{"start":{"line":6,"column":61},"end":{"line":70,"column":1}},"line":6}},"branchMap":{},"s":{"0":1,"1":1,"2":1,"3":1,"4":1,"5":1,"6":1,"7":1,"8":1,"9":1,"10":1,"11":1,"12":1,"13":1,"14":1,"15":1,"16":1,"17":1,"18":1,"19":1,"20":1,"21":1,"22":1,"23":1,"24":1,"25":1,"26":1,"27":1,"28":1,"29":1,"30":1,"31":1,"32":1,"33":1},"f":{"0":1},"b":{},"_coverageSchema":"1a1c01bbd47fc00a2c39e90264f33305004495a9","hash":"806463dd0e643dd08098ec61693023c1c24ac9d0"}
,"/Users/chenpoyen/Desktop/Projects/NTU TSMC Cloud Native Course Project/Group8_MealOrderAPP/services/ConsumerInfoService.js": {"path":"/Users/chenpoyen/Desktop/Projects/NTU TSMC Cloud Native Course Project/Group8_MealOrderAPP/services/ConsumerInfoService.js","statementMap":{"0":{"start":{"line":1,"column":16},"end":{"line":1,"column":34}},"1":{"start":{"line":2,"column":65},"end":{"line":2,"column":85}},"2":{"start":{"line":3,"column":15},"end":{"line":3,"column":35}},"3":{"start":{"line":4,"column":21},"end":{"line":4,"column":53}},"4":{"start":{"line":6,"column":0},"end":{"line":27,"column":2}},"5":{"start":{"line":8,"column":25},"end":{"line":16,"column":6}},"6":{"start":{"line":18,"column":4},"end":{"line":18,"column":17}},"7":{"start":{"line":20,"column":4},"end":{"line":20,"column":55}},"8":{"start":{"line":21,"column":4},"end":{"line":21,"column":58}},"9":{"start":{"line":22,"column":4},"end":{"line":22,"column":61}},"10":{"start":{"line":23,"column":4},"end":{"line":23,"column":59}},"11":{"start":{"line":24,"column":4},"end":{"line":24,"column":61}},"12":{"start":{"line":26,"column":4},"end":{"line":26,"column":19}},"13":{"start":{"line":29,"column":0},"end":{"line":57,"column":2}},"14":{"start":{"line":31,"column":15},"end":{"line":31,"column":30}},"15":{"start":{"line":35,"column":18},"end":{"line":35,"column":36}},"16":{"start":{"line":37,"column":4},"end":{"line":55,"column":5}},"17":{"start":{"line":38,"column":33},"end":{"line":38,"column":87}},"18":{"start":{"line":39,"column":8},"end":{"line":49,"column":9}},"19":{"start":{"line":40,"column":12},"end":{"line":40,"column":50}},"20":{"start":{"line":43,"column":12},"end":{"line":48,"column":15}},"21":{"start":{"line":52,"column":8},"end":{"line":52,"column":36}},"22":{"start":{"line":53,"column":8},"end":{"line":53,"column":44}},"23":{"start":{"line":54,"column":8},"end":{"line":54,"column":20}}},"fnMap":{"0":{"name":"(anonymous_0)","decl":{"start":{"line":6,"column":19},"end":{"line":6,"column":20}},"loc":{"start":{"line":6,"column":40},"end":{"line":27,"column":1}},"line":6},"1":{"name":"(anonymous_1)","decl":{"start":{"line":29,"column":21},"end":{"line":29,"column":22}},"loc":{"start":{"line":29,"column":44},"end":{"line":57,"column":1}},"line":29}},"branchMap":{"0":{"loc":{"start":{"line":39,"column":8},"end":{"line":49,"column":9}},"type":"if","locations":[{"start":{"line":39,"column":8},"end":{"line":49,"column":9}},{"start":{"line":42,"column":13},"end":{"line":49,"column":9}}],"line":39}},"s":{"0":1,"1":1,"2":1,"3":1,"4":1,"5":1,"6":1,"7":1,"8":1,"9":1,"10":1,"11":1,"12":1,"13":1,"14":2,"15":2,"16":2,"17":2,"18":2,"19":1,"20":1,"21":1,"22":1,"23":1},"f":{"0":1,"1":2},"b":{"0":[1,1]},"_coverageSchema":"1a1c01bbd47fc00a2c39e90264f33305004495a9","hash":"0177ddf7d7f2452c3cd255608dbdc29f238474b2"}
,"/Users/chenpoyen/Desktop/Projects/NTU TSMC Cloud Native Course Project/Group8_MealOrderAPP/services/RestaurantInfoService.js": {"path":"/Users/chenpoyen/Desktop/Projects/NTU TSMC Cloud Native Course Project/Group8_MealOrderAPP/services/RestaurantInfoService.js","statementMap":{"0":{"start":{"line":1,"column":16},"end":{"line":1,"column":34}},"1":{"start":{"line":2,"column":88},"end":{"line":2,"column":108}},"2":{"start":{"line":3,"column":21},"end":{"line":3,"column":53}},"3":{"start":{"line":5,"column":0},"end":{"line":91,"column":2}},"4":{"start":{"line":6,"column":4},"end":{"line":90,"column":5}},"5":{"start":{"line":32,"column":16},"end":{"line":32,"column":30}},"6":{"start":{"line":35,"column":22},"end":{"line":35,"column":87}},"7":{"start":{"line":38,"column":36},"end":{"line":38,"column":41}},"8":{"start":{"line":39,"column":8},"end":{"line":41,"column":9}},"9":{"start":{"line":40,"column":12},"end":{"line":40,"column":41}},"10":{"start":{"line":44,"column":27},"end":{"line":44,"column":80}},"11":{"start":{"line":47,"column":30},"end":{"line":66,"column":10}},"12":{"start":{"line":68,"column":26},"end":{"line":68,"column":36}},"13":{"start":{"line":69,"column":8},"end":{"line":69,"column":69}},"14":{"start":{"line":70,"column":8},"end":{"line":76,"column":9}},"15":{"start":{"line":71,"column":12},"end":{"line":75,"column":15}},"16":{"start":{"line":78,"column":8},"end":{"line":83,"column":9}},"17":{"start":{"line":79,"column":40},"end":{"line":81,"column":14}},"18":{"start":{"line":82,"column":12},"end":{"line":82,"column":54}},"19":{"start":{"line":86,"column":8},"end":{"line":86,"column":38}},"20":{"start":{"line":88,"column":8},"end":{"line":88,"column":46}},"21":{"start":{"line":89,"column":8},"end":{"line":89,"column":20}},"22":{"start":{"line":93,"column":0},"end":{"line":191,"column":2}},"23":{"start":{"line":94,"column":4},"end":{"line":190,"column":5}},"24":{"start":{"line":120,"column":16},"end":{"line":120,"column":30}},"25":{"start":{"line":123,"column":22},"end":{"line":123,"column":87}},"26":{"start":{"line":126,"column":36},"end":{"line":126,"column":41}},"27":{"start":{"line":127,"column":8},"end":{"line":129,"column":9}},"28":{"start":{"line":128,"column":12},"end":{"line":128,"column":41}},"29":{"start":{"line":132,"column":27},"end":{"line":132,"column":80}},"30":{"start":{"line":136,"column":35},"end":{"line":136,"column":103}},"31":{"start":{"line":137,"column":8},"end":{"line":184,"column":9}},"32":{"start":{"line":138,"column":12},"end":{"line":138,"column":52}},"33":{"start":{"line":141,"column":12},"end":{"line":159,"column":15}},"34":{"start":{"line":161,"column":12},"end":{"line":165,"column":15}},"35":{"start":{"line":166,"column":30},"end":{"line":166,"column":40}},"36":{"start":{"line":167,"column":12},"end":{"line":167,"column":73}},"37":{"start":{"line":168,"column":12},"end":{"line":174,"column":13}},"38":{"start":{"line":169,"column":16},"end":{"line":173,"column":19}},"39":{"start":{"line":176,"column":36},"end":{"line":176,"column":38}},"40":{"start":{"line":177,"column":12},"end":{"line":182,"column":13}},"41":{"start":{"line":178,"column":44},"end":{"line":180,"column":18}},"42":{"start":{"line":181,"column":16},"end":{"line":181,"column":47}},"43":{"start":{"line":183,"column":12},"end":{"line":183,"column":68}},"44":{"start":{"line":186,"column":8},"end":{"line":186,"column":38}},"45":{"start":{"line":188,"column":8},"end":{"line":188,"column":46}},"46":{"start":{"line":189,"column":8},"end":{"line":189,"column":20}},"47":{"start":{"line":193,"column":0},"end":{"line":243,"column":2}},"48":{"start":{"line":194,"column":27},"end":{"line":206,"column":6}},"49":{"start":{"line":208,"column":4},"end":{"line":210,"column":5}},"50":{"start":{"line":209,"column":8},"end":{"line":209,"column":37}},"51":{"start":{"line":212,"column":26},"end":{"line":212,"column":31}},"52":{"start":{"line":213,"column":4},"end":{"line":215,"column":5}},"53":{"start":{"line":214,"column":8},"end":{"line":214,"column":32}},"54":{"start":{"line":218,"column":36},"end":{"line":234,"column":5}},"55":{"start":{"line":222,"column":66},"end":{"line":222,"column":87}},"56":{"start":{"line":227,"column":68},"end":{"line":227,"column":84}},"57":{"start":{"line":236,"column":4},"end":{"line":238,"column":5}},"58":{"start":{"line":237,"column":8},"end":{"line":237,"column":92}},"59":{"start":{"line":242,"column":4},"end":{"line":242,"column":35}},"60":{"start":{"line":245,"column":0},"end":{"line":273,"column":2}},"61":{"start":{"line":246,"column":27},"end":{"line":258,"column":6}},"62":{"start":{"line":260,"column":4},"end":{"line":262,"column":5}},"63":{"start":{"line":261,"column":8},"end":{"line":261,"column":37}},"64":{"start":{"line":265,"column":21},"end":{"line":265,"column":23}},"65":{"start":{"line":266,"column":25},"end":{"line":266,"column":117}},"66":{"start":{"line":267,"column":4},"end":{"line":271,"column":5}},"67":{"start":{"line":268,"column":8},"end":{"line":270,"column":9}},"68":{"start":{"line":269,"column":12},"end":{"line":269,"column":31}},"69":{"start":{"line":272,"column":4},"end":{"line":272,"column":20}},"70":{"start":{"line":277,"column":0},"end":{"line":344,"column":2}},"71":{"start":{"line":278,"column":27},"end":{"line":301,"column":6}},"72":{"start":{"line":304,"column":18},"end":{"line":304,"column":20}},"73":{"start":{"line":305,"column":16},"end":{"line":305,"column":17}},"74":{"start":{"line":306,"column":4},"end":{"line":341,"column":5}},"75":{"start":{"line":307,"column":27},"end":{"line":307,"column":61}},"76":{"start":{"line":310,"column":26},"end":{"line":310,"column":36}},"77":{"start":{"line":311,"column":8},"end":{"line":311,"column":69}},"78":{"start":{"line":312,"column":8},"end":{"line":312,"column":44}},"79":{"start":{"line":314,"column":30},"end":{"line":324,"column":10}},"80":{"start":{"line":325,"column":35},"end":{"line":325,"column":77}},"81":{"start":{"line":327,"column":37},"end":{"line":327,"column":78}},"82":{"start":{"line":329,"column":21},"end":{"line":329,"column":23}},"83":{"start":{"line":331,"column":8},"end":{"line":331,"column":36}},"84":{"start":{"line":332,"column":8},"end":{"line":332,"column":62}},"85":{"start":{"line":333,"column":8},"end":{"line":333,"column":85}},"86":{"start":{"line":334,"column":8},"end":{"line":334,"column":64}},"87":{"start":{"line":335,"column":8},"end":{"line":335,"column":64}},"88":{"start":{"line":336,"column":8},"end":{"line":336,"column":66}},"89":{"start":{"line":337,"column":8},"end":{"line":337,"column":48}},"90":{"start":{"line":339,"column":8},"end":{"line":339,"column":32}},"91":{"start":{"line":340,"column":8},"end":{"line":340,"column":19}},"92":{"start":{"line":343,"column":4},"end":{"line":343,"column":19}},"93":{"start":{"line":346,"column":0},"end":{"line":416,"column":2}},"94":{"start":{"line":347,"column":27},"end":{"line":373,"column":6}},"95":{"start":{"line":376,"column":18},"end":{"line":376,"column":20}},"96":{"start":{"line":377,"column":16},"end":{"line":377,"column":17}},"97":{"start":{"line":378,"column":4},"end":{"line":413,"column":5}},"98":{"start":{"line":379,"column":27},"end":{"line":379,"column":61}},"99":{"start":{"line":382,"column":26},"end":{"line":382,"column":36}},"100":{"start":{"line":383,"column":8},"end":{"line":383,"column":69}},"101":{"start":{"line":384,"column":8},"end":{"line":384,"column":44}},"102":{"start":{"line":386,"column":30},"end":{"line":396,"column":10}},"103":{"start":{"line":397,"column":35},"end":{"line":397,"column":77}},"104":{"start":{"line":399,"column":37},"end":{"line":399,"column":78}},"105":{"start":{"line":401,"column":21},"end":{"line":401,"column":23}},"106":{"start":{"line":403,"column":8},"end":{"line":403,"column":36}},"107":{"start":{"line":404,"column":8},"end":{"line":404,"column":62}},"108":{"start":{"line":405,"column":8},"end":{"line":405,"column":85}},"109":{"start":{"line":406,"column":8},"end":{"line":406,"column":64}},"110":{"start":{"line":407,"column":8},"end":{"line":407,"column":64}},"111":{"start":{"line":408,"column":8},"end":{"line":408,"column":66}},"112":{"start":{"line":409,"column":8},"end":{"line":409,"column":48}},"113":{"start":{"line":411,"column":8},"end":{"line":411,"column":32}},"114":{"start":{"line":412,"column":8},"end":{"line":412,"column":19}},"115":{"start":{"line":415,"column":4},"end":{"line":415,"column":19}},"116":{"start":{"line":418,"column":0},"end":{"line":534,"column":2}},"117":{"start":{"line":419,"column":29},"end":{"line":444,"column":6}},"118":{"start":{"line":446,"column":18},"end":{"line":446,"column":20}},"119":{"start":{"line":449,"column":22},"end":{"line":449,"column":32}},"120":{"start":{"line":450,"column":4},"end":{"line":450,"column":65}},"121":{"start":{"line":451,"column":4},"end":{"line":451,"column":40}},"122":{"start":{"line":452,"column":16},"end":{"line":452,"column":17}},"123":{"start":{"line":453,"column":4},"end":{"line":531,"column":5}},"124":{"start":{"line":455,"column":21},"end":{"line":455,"column":23}},"125":{"start":{"line":458,"column":24},"end":{"line":458,"column":66}},"126":{"start":{"line":459,"column":8},"end":{"line":465,"column":9}},"127":{"start":{"line":460,"column":12},"end":{"line":460,"column":44}},"128":{"start":{"line":464,"column":12},"end":{"line":464,"column":67}},"129":{"start":{"line":466,"column":22},"end":{"line":466,"column":62}},"130":{"start":{"line":467,"column":8},"end":{"line":473,"column":9}},"131":{"start":{"line":468,"column":12},"end":{"line":468,"column":40}},"132":{"start":{"line":472,"column":12},"end":{"line":472,"column":63}},"133":{"start":{"line":478,"column":8},"end":{"line":530,"column":9}},"134":{"start":{"line":480,"column":31},"end":{"line":480,"column":69}},"135":{"start":{"line":483,"column":34},"end":{"line":493,"column":14}},"136":{"start":{"line":494,"column":39},"end":{"line":494,"column":81}},"137":{"start":{"line":496,"column":41},"end":{"line":496,"column":82}},"138":{"start":{"line":498,"column":12},"end":{"line":498,"column":51}},"139":{"start":{"line":499,"column":12},"end":{"line":499,"column":40}},"140":{"start":{"line":500,"column":12},"end":{"line":500,"column":70}},"141":{"start":{"line":501,"column":12},"end":{"line":501,"column":93}},"142":{"start":{"line":502,"column":12},"end":{"line":502,"column":72}},"143":{"start":{"line":503,"column":12},"end":{"line":503,"column":72}},"144":{"start":{"line":504,"column":12},"end":{"line":504,"column":54}},"145":{"start":{"line":505,"column":12},"end":{"line":505,"column":75}},"146":{"start":{"line":506,"column":31},"end":{"line":506,"column":33}},"147":{"start":{"line":507,"column":12},"end":{"line":509,"column":13}},"148":{"start":{"line":508,"column":16},"end":{"line":508,"column":55}},"149":{"start":{"line":510,"column":12},"end":{"line":510,"column":48}},"150":{"start":{"line":512,"column":12},"end":{"line":512,"column":36}},"151":{"start":{"line":513,"column":12},"end":{"line":513,"column":23}},"152":{"start":{"line":516,"column":12},"end":{"line":516,"column":52}},"153":{"start":{"line":517,"column":12},"end":{"line":517,"column":66}},"154":{"start":{"line":518,"column":12},"end":{"line":518,"column":70}},"155":{"start":{"line":520,"column":12},"end":{"line":520,"column":72}},"156":{"start":{"line":523,"column":31},"end":{"line":523,"column":33}},"157":{"start":{"line":524,"column":12},"end":{"line":526,"column":13}},"158":{"start":{"line":525,"column":16},"end":{"line":525,"column":55}},"159":{"start":{"line":527,"column":12},"end":{"line":527,"column":48}},"160":{"start":{"line":528,"column":12},"end":{"line":528,"column":36}},"161":{"start":{"line":529,"column":12},"end":{"line":529,"column":23}},"162":{"start":{"line":533,"column":4},"end":{"line":533,"column":19}},"163":{"start":{"line":536,"column":0},"end":{"line":588,"column":2}},"164":{"start":{"line":537,"column":27},"end":{"line":547,"column":6}},"165":{"start":{"line":548,"column":4},"end":{"line":548,"column":32}},"166":{"start":{"line":549,"column":20},"end":{"line":549,"column":62}},"167":{"start":{"line":550,"column":4},"end":{"line":556,"column":5}},"168":{"start":{"line":551,"column":8},"end":{"line":551,"column":40}},"169":{"start":{"line":555,"column":8},"end":{"line":555,"column":63}},"170":{"start":{"line":557,"column":18},"end":{"line":557,"column":58}},"171":{"start":{"line":558,"column":4},"end":{"line":564,"column":5}},"172":{"start":{"line":559,"column":8},"end":{"line":559,"column":36}},"173":{"start":{"line":563,"column":8},"end":{"line":563,"column":59}},"174":{"start":{"line":566,"column":17},"end":{"line":566,"column":19}},"175":{"start":{"line":568,"column":22},"end":{"line":568,"column":45}},"176":{"start":{"line":569,"column":23},"end":{"line":569,"column":47}},"177":{"start":{"line":570,"column":21},"end":{"line":570,"column":40}},"178":{"start":{"line":571,"column":20},"end":{"line":571,"column":41}},"179":{"start":{"line":572,"column":21},"end":{"line":572,"column":43}},"180":{"start":{"line":573,"column":19},"end":{"line":573,"column":36}},"181":{"start":{"line":575,"column":4},"end":{"line":579,"column":5}},"182":{"start":{"line":580,"column":4},"end":{"line":584,"column":5}},"183":{"start":{"line":585,"column":4},"end":{"line":585,"column":67}},"184":{"start":{"line":587,"column":4},"end":{"line":587,"column":18}}},"fnMap":{"0":{"name":"(anonymous_0)","decl":{"start":{"line":5,"column":31},"end":{"line":5,"column":32}},"loc":{"start":{"line":5,"column":56},"end":{"line":91,"column":1}},"line":5},"1":{"name":"(anonymous_1)","decl":{"start":{"line":93,"column":31},"end":{"line":93,"column":32}},"loc":{"start":{"line":93,"column":56},"end":{"line":191,"column":1}},"line":93},"2":{"name":"(anonymous_2)","decl":{"start":{"line":193,"column":28},"end":{"line":193,"column":29}},"loc":{"start":{"line":193,"column":52},"end":{"line":243,"column":1}},"line":193},"3":{"name":"(anonymous_3)","decl":{"start":{"line":222,"column":54},"end":{"line":222,"column":55}},"loc":{"start":{"line":222,"column":66},"end":{"line":222,"column":87}},"line":222},"4":{"name":"(anonymous_4)","decl":{"start":{"line":227,"column":60},"end":{"line":227,"column":61}},"loc":{"start":{"line":227,"column":68},"end":{"line":227,"column":84}},"line":227},"5":{"name":"(anonymous_5)","decl":{"start":{"line":245,"column":25},"end":{"line":245,"column":26}},"loc":{"start":{"line":245,"column":48},"end":{"line":273,"column":1}},"line":245},"6":{"name":"(anonymous_6)","decl":{"start":{"line":277,"column":29},"end":{"line":277,"column":30}},"loc":{"start":{"line":277,"column":49},"end":{"line":344,"column":1}},"line":277},"7":{"name":"(anonymous_7)","decl":{"start":{"line":346,"column":34},"end":{"line":346,"column":35}},"loc":{"start":{"line":346,"column":64},"end":{"line":416,"column":1}},"line":346},"8":{"name":"(anonymous_8)","decl":{"start":{"line":418,"column":34},"end":{"line":418,"column":35}},"loc":{"start":{"line":418,"column":53},"end":{"line":534,"column":1}},"line":418},"9":{"name":"(anonymous_9)","decl":{"start":{"line":536,"column":19},"end":{"line":536,"column":20}},"loc":{"start":{"line":536,"column":42},"end":{"line":588,"column":1}},"line":536}},"branchMap":{"0":{"loc":{"start":{"line":35,"column":22},"end":{"line":35,"column":87}},"type":"cond-expr","locations":[{"start":{"line":35,"column":54},"end":{"line":35,"column":68}},{"start":{"line":35,"column":71},"end":{"line":35,"column":87}}],"line":35},"1":{"loc":{"start":{"line":39,"column":8},"end":{"line":41,"column":9}},"type":"if","locations":[{"start":{"line":39,"column":8},"end":{"line":41,"column":9}},{"start":{},"end":{}}],"line":39},"2":{"loc":{"start":{"line":44,"column":27},"end":{"line":44,"column":80}},"type":"cond-expr","locations":[{"start":{"line":44,"column":55},"end":{"line":44,"column":65}},{"start":{"line":44,"column":68},"end":{"line":44,"column":80}}],"line":44},"3":{"loc":{"start":{"line":123,"column":22},"end":{"line":123,"column":87}},"type":"cond-expr","locations":[{"start":{"line":123,"column":54},"end":{"line":123,"column":68}},{"start":{"line":123,"column":71},"end":{"line":123,"column":87}}],"line":123},"4":{"loc":{"start":{"line":127,"column":8},"end":{"line":129,"column":9}},"type":"if","locations":[{"start":{"line":127,"column":8},"end":{"line":129,"column":9}},{"start":{},"end":{}}],"line":127},"5":{"loc":{"start":{"line":132,"column":27},"end":{"line":132,"column":80}},"type":"cond-expr","locations":[{"start":{"line":132,"column":55},"end":{"line":132,"column":65}},{"start":{"line":132,"column":68},"end":{"line":132,"column":80}}],"line":132},"6":{"loc":{"start":{"line":137,"column":8},"end":{"line":184,"column":9}},"type":"if","locations":[{"start":{"line":137,"column":8},"end":{"line":184,"column":9}},{"start":{"line":140,"column":12},"end":{"line":184,"column":9}}],"line":137},"7":{"loc":{"start":{"line":208,"column":4},"end":{"line":210,"column":5}},"type":"if","locations":[{"start":{"line":208,"column":4},"end":{"line":210,"column":5}},{"start":{},"end":{}}],"line":208},"8":{"loc":{"start":{"line":213,"column":4},"end":{"line":215,"column":5}},"type":"if","locations":[{"start":{"line":213,"column":4},"end":{"line":215,"column":5}},{"start":{},"end":{}}],"line":213},"9":{"loc":{"start":{"line":236,"column":4},"end":{"line":238,"column":5}},"type":"if","locations":[{"start":{"line":236,"column":4},"end":{"line":238,"column":5}},{"start":{},"end":{}}],"line":236},"10":{"loc":{"start":{"line":260,"column":4},"end":{"line":262,"column":5}},"type":"if","locations":[{"start":{"line":260,"column":4},"end":{"line":262,"column":5}},{"start":{},"end":{}}],"line":260},"11":{"loc":{"start":{"line":268,"column":8},"end":{"line":270,"column":9}},"type":"if","locations":[{"start":{"line":268,"column":8},"end":{"line":270,"column":9}},{"start":{},"end":{}}],"line":268},"12":{"loc":{"start":{"line":325,"column":35},"end":{"line":325,"column":77}},"type":"binary-expr","locations":[{"start":{"line":325,"column":35},"end":{"line":325,"column":72}},{"start":{"line":325,"column":76},"end":{"line":325,"column":77}}],"line":325},"13":{"loc":{"start":{"line":397,"column":35},"end":{"line":397,"column":77}},"type":"binary-expr","locations":[{"start":{"line":397,"column":35},"end":{"line":397,"column":72}},{"start":{"line":397,"column":76},"end":{"line":397,"column":77}}],"line":397},"14":{"loc":{"start":{"line":459,"column":8},"end":{"line":465,"column":9}},"type":"if","locations":[{"start":{"line":459,"column":8},"end":{"line":465,"column":9}},{"start":{"line":463,"column":15},"end":{"line":465,"column":9}}],"line":459},"15":{"loc":{"start":{"line":467,"column":8},"end":{"line":473,"column":9}},"type":"if","locations":[{"start":{"line":467,"column":8},"end":{"line":473,"column":9}},{"start":{"line":471,"column":15},"end":{"line":473,"column":9}}],"line":467},"16":{"loc":{"start":{"line":478,"column":8},"end":{"line":530,"column":9}},"type":"if","locations":[{"start":{"line":478,"column":8},"end":{"line":530,"column":9}},{"start":{"line":515,"column":15},"end":{"line":530,"column":9}}],"line":478},"17":{"loc":{"start":{"line":478,"column":12},"end":{"line":478,"column":62}},"type":"binary-expr","locations":[{"start":{"line":478,"column":12},"end":{"line":478,"column":36}},{"start":{"line":478,"column":40},"end":{"line":478,"column":62}}],"line":478},"18":{"loc":{"start":{"line":494,"column":39},"end":{"line":494,"column":81}},"type":"binary-expr","locations":[{"start":{"line":494,"column":39},"end":{"line":494,"column":76}},{"start":{"line":494,"column":80},"end":{"line":494,"column":81}}],"line":494},"19":{"loc":{"start":{"line":550,"column":4},"end":{"line":556,"column":5}},"type":"if","locations":[{"start":{"line":550,"column":4},"end":{"line":556,"column":5}},{"start":{"line":554,"column":11},"end":{"line":556,"column":5}}],"line":550},"20":{"loc":{"start":{"line":558,"column":4},"end":{"line":564,"column":5}},"type":"if","locations":[{"start":{"line":558,"column":4},"end":{"line":564,"column":5}},{"start":{"line":562,"column":11},"end":{"line":564,"column":5}}],"line":558}},"s":{"0":1,"1":1,"2":1,"3":1,"4":1,"5":1,"6":1,"7":1,"8":1,"9":0,"10":1,"11":1,"12":1,"13":1,"14":1,"15":1,"16":1,"17":1,"18":1,"19":0,"20":0,"21":0,"22":1,"23":0,"24":0,"25":0,"26":0,"27":0,"28":0,"29":0,"30":0,"31":0,"32":0,"33":0,"34":0,"35":0,"36":0,"37":0,"38":0,"39":0,"40":0,"41":0,"42":0,"43":0,"44":0,"45":0,"46":0,"47":1,"48":1,"49":1,"50":0,"51":1,"52":1,"53":0,"54":1,"55":2,"56":2,"57":1,"58":0,"59":1,"60":1,"61":1,"62":1,"63":0,"64":1,"65":1,"66":1,"67":5,"68":0,"69":1,"70":1,"71":1,"72":1,"73":1,"74":1,"75":2,"76":2,"77":2,"78":2,"79":2,"80":2,"81":2,"82":2,"83":2,"84":2,"85":2,"86":2,"87":2,"88":2,"89":2,"90":2,"91":2,"92":1,"93":1,"94":1,"95":1,"96":1,"97":1,"98":2,"99":2,"100":2,"101":2,"102":2,"103":2,"104":2,"105":2,"106":2,"107":2,"108":2,"109":2,"110":2,"111":2,"112":2,"113":2,"114":2,"115":1,"116":1,"117":1,"118":1,"119":1,"120":1,"121":1,"122":1,"123":1,"124":1,"125":1,"126":1,"127":1,"128":0,"129":1,"130":1,"131":1,"132":0,"133":1,"134":1,"135":1,"136":1,"137":1,"138":1,"139":1,"140":1,"141":1,"142":1,"143":1,"144":1,"145":1,"146":1,"147":1,"148":2,"149":1,"150":1,"151":1,"152":0,"153":0,"154":0,"155":0,"156":0,"157":0,"158":0,"159":0,"160":0,"161":0,"162":1,"163":1,"164":1,"165":1,"166":1,"167":1,"168":1,"169":0,"170":1,"171":1,"172":1,"173":0,"174":1,"175":1,"176":1,"177":1,"178":1,"179":1,"180":1,"181":1,"182":1,"183":1,"184":1},"f":{"0":1,"1":0,"2":1,"3":2,"4":2,"5":1,"6":1,"7":1,"8":1,"9":1},"b":{"0":[0,1],"1":[0,1],"2":[1,0],"3":[0,0],"4":[0,0],"5":[0,0],"6":[0,0],"7":[0,1],"8":[0,1],"9":[0,1],"10":[0,1],"11":[0,5],"12":[2,0],"13":[2,0],"14":[1,0],"15":[1,0],"16":[1,0],"17":[1,1],"18":[1,0],"19":[1,0],"20":[1,0]},"_coverageSchema":"1a1c01bbd47fc00a2c39e90264f33305004495a9","hash":"06d220ea419222865e9c74f3763f896d78ee1abb"}
,"/Users/chenpoyen/Desktop/Projects/NTU TSMC Cloud Native Course Project/Group8_MealOrderAPP/services/RestaurantSalesReportService.js": {"path":"/Users/chenpoyen/Desktop/Projects/NTU TSMC Cloud Native Course Project/Group8_MealOrderAPP/services/RestaurantSalesReportService.js","statementMap":{"0":{"start":{"line":1,"column":16},"end":{"line":1,"column":34}},"1":{"start":{"line":2,"column":54},"end":{"line":2,"column":74}},"2":{"start":{"line":3,"column":15},"end":{"line":3,"column":35}},"3":{"start":{"line":4,"column":21},"end":{"line":4,"column":53}},"4":{"start":{"line":6,"column":0},"end":{"line":67,"column":2}},"5":{"start":{"line":7,"column":23},"end":{"line":7,"column":44}},"6":{"start":{"line":10,"column":26},"end":{"line":10,"column":28}},"7":{"start":{"line":11,"column":4},"end":{"line":38,"column":5}},"8":{"start":{"line":13,"column":12},"end":{"line":18,"column":14}},"9":{"start":{"line":19,"column":12},"end":{"line":19,"column":18}},"10":{"start":{"line":21,"column":12},"end":{"line":26,"column":14}},"11":{"start":{"line":27,"column":12},"end":{"line":27,"column":18}},"12":{"start":{"line":31,"column":12},"end":{"line":36,"column":14}},"13":{"start":{"line":37,"column":12},"end":{"line":37,"column":18}},"14":{"start":{"line":41,"column":22},"end":{"line":48,"column":5}},"15":{"start":{"line":51,"column":23},"end":{"line":58,"column":6}},"16":{"start":{"line":61,"column":4},"end":{"line":64,"column":7}},"17":{"start":{"line":62,"column":25},"end":{"line":62,"column":66}},"18":{"start":{"line":63,"column":8},"end":{"line":63,"column":80}},"19":{"start":{"line":66,"column":4},"end":{"line":66,"column":24}},"20":{"start":{"line":71,"column":4},"end":{"line":71,"column":41}},"21":{"start":{"line":76,"column":21},"end":{"line":76,"column":45}},"22":{"start":{"line":77,"column":4},"end":{"line":77,"column":47}},"23":{"start":{"line":80,"column":0},"end":{"line":164,"column":2}},"24":{"start":{"line":81,"column":23},"end":{"line":81,"column":51}},"25":{"start":{"line":82,"column":22},"end":{"line":82,"column":53}},"26":{"start":{"line":84,"column":20},"end":{"line":84,"column":58}},"27":{"start":{"line":85,"column":18},"end":{"line":85,"column":52}},"28":{"start":{"line":87,"column":4},"end":{"line":87,"column":27}},"29":{"start":{"line":88,"column":4},"end":{"line":88,"column":25}},"30":{"start":{"line":91,"column":26},"end":{"line":91,"column":28}},"31":{"start":{"line":92,"column":4},"end":{"line":119,"column":5}},"32":{"start":{"line":94,"column":12},"end":{"line":99,"column":14}},"33":{"start":{"line":100,"column":12},"end":{"line":100,"column":18}},"34":{"start":{"line":102,"column":12},"end":{"line":107,"column":14}},"35":{"start":{"line":108,"column":12},"end":{"line":108,"column":18}},"36":{"start":{"line":112,"column":12},"end":{"line":117,"column":14}},"37":{"start":{"line":118,"column":12},"end":{"line":118,"column":18}},"38":{"start":{"line":122,"column":22},"end":{"line":129,"column":5}},"39":{"start":{"line":131,"column":4},"end":{"line":133,"column":6}},"40":{"start":{"line":135,"column":4},"end":{"line":137,"column":6}},"41":{"start":{"line":139,"column":4},"end":{"line":139,"column":29}},"42":{"start":{"line":142,"column":23},"end":{"line":150,"column":6}},"43":{"start":{"line":152,"column":4},"end":{"line":152,"column":28}},"44":{"start":{"line":155,"column":4},"end":{"line":161,"column":7}},"45":{"start":{"line":156,"column":24},"end":{"line":156,"column":65}},"46":{"start":{"line":157,"column":24},"end":{"line":157,"column":52}},"47":{"start":{"line":158,"column":8},"end":{"line":160,"column":9}},"48":{"start":{"line":159,"column":12},"end":{"line":159,"column":83}},"49":{"start":{"line":163,"column":4},"end":{"line":163,"column":23}},"50":{"start":{"line":166,"column":0},"end":{"line":238,"column":2}},"51":{"start":{"line":167,"column":21},"end":{"line":167,"column":41}},"52":{"start":{"line":170,"column":18},"end":{"line":170,"column":58}},"53":{"start":{"line":171,"column":4},"end":{"line":171,"column":43}},"54":{"start":{"line":172,"column":20},"end":{"line":172,"column":37}},"55":{"start":{"line":173,"column":4},"end":{"line":173,"column":47}},"56":{"start":{"line":176,"column":26},"end":{"line":176,"column":28}},"57":{"start":{"line":177,"column":4},"end":{"line":206,"column":5}},"58":{"start":{"line":180,"column":12},"end":{"line":185,"column":14}},"59":{"start":{"line":186,"column":12},"end":{"line":186,"column":18}},"60":{"start":{"line":189,"column":12},"end":{"line":194,"column":14}},"61":{"start":{"line":195,"column":12},"end":{"line":195,"column":18}},"62":{"start":{"line":199,"column":12},"end":{"line":204,"column":14}},"63":{"start":{"line":205,"column":12},"end":{"line":205,"column":18}},"64":{"start":{"line":208,"column":22},"end":{"line":215,"column":5}},"65":{"start":{"line":218,"column":23},"end":{"line":226,"column":6}},"66":{"start":{"line":229,"column":4},"end":{"line":235,"column":7}},"67":{"start":{"line":230,"column":24},"end":{"line":230,"column":65}},"68":{"start":{"line":231,"column":23},"end":{"line":231,"column":82}},"69":{"start":{"line":232,"column":8},"end":{"line":234,"column":9}},"70":{"start":{"line":233,"column":12},"end":{"line":233,"column":80}},"71":{"start":{"line":237,"column":4},"end":{"line":237,"column":22}},"72":{"start":{"line":242,"column":0},"end":{"line":299,"column":2}},"73":{"start":{"line":247,"column":21},"end":{"line":247,"column":61}},"74":{"start":{"line":250,"column":4},"end":{"line":267,"column":5}},"75":{"start":{"line":252,"column":12},"end":{"line":252,"column":47}},"76":{"start":{"line":253,"column":12},"end":{"line":253,"column":79}},"77":{"start":{"line":254,"column":12},"end":{"line":254,"column":77}},"78":{"start":{"line":255,"column":12},"end":{"line":255,"column":18}},"79":{"start":{"line":257,"column":12},"end":{"line":257,"column":47}},"80":{"start":{"line":258,"column":12},"end":{"line":258,"column":79}},"81":{"start":{"line":259,"column":12},"end":{"line":259,"column":77}},"82":{"start":{"line":260,"column":12},"end":{"line":260,"column":18}},"83":{"start":{"line":263,"column":12},"end":{"line":263,"column":48}},"84":{"start":{"line":264,"column":12},"end":{"line":264,"column":79}},"85":{"start":{"line":265,"column":12},"end":{"line":265,"column":77}},"86":{"start":{"line":266,"column":12},"end":{"line":266,"column":18}},"87":{"start":{"line":270,"column":22},"end":{"line":276,"column":5}},"88":{"start":{"line":279,"column":23},"end":{"line":287,"column":6}},"89":{"start":{"line":290,"column":4},"end":{"line":296,"column":7}},"90":{"start":{"line":291,"column":24},"end":{"line":291,"column":55}},"91":{"start":{"line":292,"column":24},"end":{"line":292,"column":59}},"92":{"start":{"line":293,"column":8},"end":{"line":295,"column":9}},"93":{"start":{"line":294,"column":12},"end":{"line":294,"column":82}},"94":{"start":{"line":298,"column":4},"end":{"line":298,"column":23}},"95":{"start":{"line":301,"column":0},"end":{"line":383,"column":2}},"96":{"start":{"line":303,"column":22},"end":{"line":303,"column":32}},"97":{"start":{"line":304,"column":4},"end":{"line":304,"column":65}},"98":{"start":{"line":307,"column":29},"end":{"line":307,"column":50}},"99":{"start":{"line":308,"column":4},"end":{"line":308,"column":70}},"100":{"start":{"line":309,"column":4},"end":{"line":309,"column":44}},"101":{"start":{"line":310,"column":27},"end":{"line":310,"column":48}},"102":{"start":{"line":311,"column":4},"end":{"line":311,"column":32}},"103":{"start":{"line":312,"column":4},"end":{"line":312,"column":47}},"104":{"start":{"line":315,"column":32},"end":{"line":315,"column":53}},"105":{"start":{"line":316,"column":4},"end":{"line":316,"column":37}},"106":{"start":{"line":317,"column":4},"end":{"line":317,"column":47}},"107":{"start":{"line":318,"column":30},"end":{"line":318,"column":51}},"108":{"start":{"line":319,"column":4},"end":{"line":319,"column":72}},"109":{"start":{"line":320,"column":4},"end":{"line":320,"column":50}},"110":{"start":{"line":323,"column":4},"end":{"line":381,"column":5}},"111":{"start":{"line":325,"column":30},"end":{"line":335,"column":10}},"112":{"start":{"line":338,"column":32},"end":{"line":348,"column":10}},"113":{"start":{"line":351,"column":35},"end":{"line":361,"column":10}},"114":{"start":{"line":363,"column":35},"end":{"line":363,"column":77}},"115":{"start":{"line":364,"column":37},"end":{"line":364,"column":81}},"116":{"start":{"line":365,"column":40},"end":{"line":365,"column":87}},"117":{"start":{"line":368,"column":37},"end":{"line":368,"column":78}},"118":{"start":{"line":369,"column":39},"end":{"line":369,"column":82}},"119":{"start":{"line":370,"column":42},"end":{"line":370,"column":88}},"120":{"start":{"line":372,"column":8},"end":{"line":376,"column":10}},"121":{"start":{"line":379,"column":8},"end":{"line":379,"column":27}},"122":{"start":{"line":380,"column":8},"end":{"line":380,"column":20}}},"fnMap":{"0":{"name":"(anonymous_0)","decl":{"start":{"line":6,"column":26},"end":{"line":6,"column":27}},"loc":{"start":{"line":6,"column":67},"end":{"line":67,"column":1}},"line":6},"1":{"name":"(anonymous_1)","decl":{"start":{"line":61,"column":23},"end":{"line":61,"column":24}},"loc":{"start":{"line":61,"column":32},"end":{"line":64,"column":5}},"line":61},"2":{"name":"getWeekNumber","decl":{"start":{"line":70,"column":9},"end":{"line":70,"column":22}},"loc":{"start":{"line":70,"column":29},"end":{"line":72,"column":1}},"line":70},"3":{"name":"getWeeksInMonth","decl":{"start":{"line":75,"column":9},"end":{"line":75,"column":24}},"loc":{"start":{"line":75,"column":38},"end":{"line":78,"column":1}},"line":75},"4":{"name":"(anonymous_4)","decl":{"start":{"line":80,"column":27},"end":{"line":80,"column":28}},"loc":{"start":{"line":80,"column":75},"end":{"line":164,"column":1}},"line":80},"5":{"name":"(anonymous_5)","decl":{"start":{"line":155,"column":23},"end":{"line":155,"column":24}},"loc":{"start":{"line":155,"column":32},"end":{"line":161,"column":5}},"line":155},"6":{"name":"(anonymous_6)","decl":{"start":{"line":166,"column":26},"end":{"line":166,"column":27}},"loc":{"start":{"line":166,"column":79},"end":{"line":238,"column":1}},"line":166},"7":{"name":"(anonymous_7)","decl":{"start":{"line":229,"column":23},"end":{"line":229,"column":24}},"loc":{"start":{"line":229,"column":32},"end":{"line":235,"column":5}},"line":229},"8":{"name":"(anonymous_8)","decl":{"start":{"line":242,"column":25},"end":{"line":242,"column":26}},"loc":{"start":{"line":242,"column":78},"end":{"line":299,"column":1}},"line":242},"9":{"name":"(anonymous_9)","decl":{"start":{"line":290,"column":23},"end":{"line":290,"column":24}},"loc":{"start":{"line":290,"column":32},"end":{"line":296,"column":5}},"line":290},"10":{"name":"(anonymous_10)","decl":{"start":{"line":301,"column":27},"end":{"line":301,"column":28}},"loc":{"start":{"line":301,"column":51},"end":{"line":383,"column":1}},"line":301}},"branchMap":{"0":{"loc":{"start":{"line":11,"column":4},"end":{"line":38,"column":5}},"type":"switch","locations":[{"start":{"line":12,"column":8},"end":{"line":19,"column":18}},{"start":{"line":20,"column":8},"end":{"line":27,"column":18}},{"start":{"line":29,"column":8},"end":{"line":37,"column":18}}],"line":11},"1":{"loc":{"start":{"line":92,"column":4},"end":{"line":119,"column":5}},"type":"switch","locations":[{"start":{"line":93,"column":8},"end":{"line":100,"column":18}},{"start":{"line":101,"column":8},"end":{"line":108,"column":18}},{"start":{"line":110,"column":8},"end":{"line":118,"column":18}}],"line":92},"2":{"loc":{"start":{"line":158,"column":8},"end":{"line":160,"column":9}},"type":"if","locations":[{"start":{"line":158,"column":8},"end":{"line":160,"column":9}},{"start":{},"end":{}}],"line":158},"3":{"loc":{"start":{"line":158,"column":12},"end":{"line":158,"column":60}},"type":"binary-expr","locations":[{"start":{"line":158,"column":12},"end":{"line":158,"column":26}},{"start":{"line":158,"column":30},"end":{"line":158,"column":60}}],"line":158},"4":{"loc":{"start":{"line":177,"column":4},"end":{"line":206,"column":5}},"type":"switch","locations":[{"start":{"line":178,"column":8},"end":{"line":186,"column":18}},{"start":{"line":187,"column":8},"end":{"line":195,"column":18}},{"start":{"line":197,"column":8},"end":{"line":205,"column":18}}],"line":177},"5":{"loc":{"start":{"line":232,"column":8},"end":{"line":234,"column":9}},"type":"if","locations":[{"start":{"line":232,"column":8},"end":{"line":234,"column":9}},{"start":{},"end":{}}],"line":232},"6":{"loc":{"start":{"line":232,"column":12},"end":{"line":232,"column":41}},"type":"binary-expr","locations":[{"start":{"line":232,"column":12},"end":{"line":232,"column":25}},{"start":{"line":232,"column":29},"end":{"line":232,"column":41}}],"line":232},"7":{"loc":{"start":{"line":250,"column":4},"end":{"line":267,"column":5}},"type":"switch","locations":[{"start":{"line":251,"column":8},"end":{"line":255,"column":18}},{"start":{"line":256,"column":8},"end":{"line":260,"column":18}},{"start":{"line":262,"column":8},"end":{"line":266,"column":18}}],"line":250},"8":{"loc":{"start":{"line":293,"column":8},"end":{"line":295,"column":9}},"type":"if","locations":[{"start":{"line":293,"column":8},"end":{"line":295,"column":9}},{"start":{},"end":{}}],"line":293},"9":{"loc":{"start":{"line":293,"column":12},"end":{"line":293,"column":60}},"type":"binary-expr","locations":[{"start":{"line":293,"column":12},"end":{"line":293,"column":26}},{"start":{"line":293,"column":30},"end":{"line":293,"column":60}}],"line":293},"10":{"loc":{"start":{"line":363,"column":35},"end":{"line":363,"column":77}},"type":"binary-expr","locations":[{"start":{"line":363,"column":35},"end":{"line":363,"column":72}},{"start":{"line":363,"column":76},"end":{"line":363,"column":77}}],"line":363},"11":{"loc":{"start":{"line":364,"column":37},"end":{"line":364,"column":81}},"type":"binary-expr","locations":[{"start":{"line":364,"column":37},"end":{"line":364,"column":76}},{"start":{"line":364,"column":80},"end":{"line":364,"column":81}}],"line":364},"12":{"loc":{"start":{"line":365,"column":40},"end":{"line":365,"column":87}},"type":"binary-expr","locations":[{"start":{"line":365,"column":40},"end":{"line":365,"column":82}},{"start":{"line":365,"column":86},"end":{"line":365,"column":87}}],"line":365}},"s":{"0":1,"1":1,"2":1,"3":1,"4":1,"5":1,"6":1,"7":1,"8":1,"9":1,"10":0,"11":0,"12":0,"13":0,"14":1,"15":1,"16":1,"17":2,"18":2,"19":1,"20":2,"21":1,"22":1,"23":1,"24":1,"25":1,"26":1,"27":1,"28":1,"29":1,"30":1,"31":1,"32":1,"33":1,"34":0,"35":0,"36":0,"37":0,"38":1,"39":1,"40":1,"41":1,"42":1,"43":1,"44":1,"45":2,"46":2,"47":2,"48":2,"49":1,"50":1,"51":1,"52":1,"53":1,"54":1,"55":1,"56":1,"57":1,"58":1,"59":1,"60":0,"61":0,"62":0,"63":0,"64":1,"65":1,"66":1,"67":2,"68":2,"69":2,"70":2,"71":1,"72":1,"73":1,"74":1,"75":1,"76":1,"77":1,"78":1,"79":0,"80":0,"81":0,"82":0,"83":0,"84":0,"85":0,"86":0,"87":1,"88":1,"89":1,"90":2,"91":2,"92":2,"93":2,"94":1,"95":1,"96":1,"97":1,"98":1,"99":1,"100":1,"101":1,"102":1,"103":1,"104":1,"105":1,"106":1,"107":1,"108":1,"109":1,"110":1,"111":1,"112":1,"113":1,"114":1,"115":1,"116":1,"117":1,"118":1,"119":1,"120":1,"121":0,"122":0},"f":{"0":1,"1":2,"2":2,"3":1,"4":1,"5":2,"6":1,"7":2,"8":1,"9":2,"10":1},"b":{"0":[1,0,0],"1":[1,0,0],"2":[2,0],"3":[2,2],"4":[1,0,0],"5":[2,0],"6":[2,2],"7":[1,0,0],"8":[2,0],"9":[2,2],"10":[1,0],"11":[1,0],"12":[1,0]},"_coverageSchema":"1a1c01bbd47fc00a2c39e90264f33305004495a9","hash":"a0db47b9ff628c470b18b38e8cb0f50d55964dc1"}
}
