TN:
SF:services/ConsumerExpenseReportService.js
FN:6,(anonymous_0)
FNF:1
FNH:1
FNDA:1,(anonymous_0)
DA:1,1
DA:2,1
DA:3,1
DA:4,1
DA:6,1
DA:8,1
DA:9,1
DA:10,1
DA:11,1
DA:12,1
DA:13,1
DA:14,1
DA:15,1
DA:16,1
DA:17,1
DA:22,1
DA:47,1
DA:48,1
DA:49,1
DA:50,1
DA:51,1
DA:53,1
DA:54,1
DA:55,1
DA:56,1
DA:58,1
DA:59,1
DA:60,1
DA:61,1
DA:62,1
DA:63,1
DA:64,1
DA:67,1
DA:69,1
LF:34
LH:34
BRF:0
BRH:0
end_of_record
TN:
SF:services/ConsumerInfoService.js
FN:6,(anonymous_0)
FN:29,(anonymous_1)
FNF:2
FNH:2
FNDA:1,(anonymous_0)
FNDA:2,(anonymous_1)
DA:1,1
DA:2,1
DA:3,1
DA:4,1
DA:6,1
DA:8,1
DA:18,1
DA:20,1
DA:21,1
DA:22,1
DA:23,1
DA:24,1
DA:26,1
DA:29,1
DA:31,2
DA:35,2
DA:37,2
DA:38,2
DA:39,2
DA:40,1
DA:43,1
DA:52,1
DA:53,1
DA:54,1
LF:24
LH:24
BRDA:39,0,0,1
BRDA:39,0,1,1
BRF:2
BRH:2
end_of_record
TN:
SF:services/RestaurantInfoService.js
FN:5,(anonymous_0)
FN:93,(anonymous_1)
FN:193,(anonymous_2)
FN:222,(anonymous_3)
FN:227,(anonymous_4)
FN:245,(anonymous_5)
FN:277,(anonymous_6)
FN:346,(anonymous_7)
FN:418,(anonymous_8)
FN:536,(anonymous_9)
FNF:10
FNH:9
FNDA:1,(anonymous_0)
FNDA:0,(anonymous_1)
FNDA:1,(anonymous_2)
FNDA:2,(anonymous_3)
FNDA:2,(anonymous_4)
FNDA:1,(anonymous_5)
FNDA:1,(anonymous_6)
FNDA:1,(anonymous_7)
FNDA:1,(anonymous_8)
FNDA:1,(anonymous_9)
DA:1,1
DA:2,1
DA:3,1
DA:5,1
DA:6,1
DA:32,1
DA:35,1
DA:38,1
DA:39,1
DA:40,0
DA:44,1
DA:47,1
DA:68,1
DA:69,1
DA:70,1
DA:71,1
DA:78,1
DA:79,1
DA:82,1
DA:86,0
DA:88,0
DA:89,0
DA:93,1
DA:94,0
DA:120,0
DA:123,0
DA:126,0
DA:127,0
DA:128,0
DA:132,0
DA:136,0
DA:137,0
DA:138,0
DA:141,0
DA:161,0
DA:166,0
DA:167,0
DA:168,0
DA:169,0
DA:176,0
DA:177,0
DA:178,0
DA:181,0
DA:183,0
DA:186,0
DA:188,0
DA:189,0
DA:193,1
DA:194,1
DA:208,1
DA:209,0
DA:212,1
DA:213,1
DA:214,0
DA:218,1
DA:222,2
DA:227,2
DA:236,1
DA:237,0
DA:242,1
DA:245,1
DA:246,1
DA:260,1
DA:261,0
DA:265,1
DA:266,1
DA:267,1
DA:268,5
DA:269,0
DA:272,1
DA:277,1
DA:278,1
DA:304,1
DA:305,1
DA:306,1
DA:307,2
DA:310,2
DA:311,2
DA:312,2
DA:314,2
DA:325,2
DA:327,2
DA:329,2
DA:331,2
DA:332,2
DA:333,2
DA:334,2
DA:335,2
DA:336,2
DA:337,2
DA:339,2
DA:340,2
DA:343,1
DA:346,1
DA:347,1
DA:376,1
DA:377,1
DA:378,1
DA:379,2
DA:382,2
DA:383,2
DA:384,2
DA:386,2
DA:397,2
DA:399,2
DA:401,2
DA:403,2
DA:404,2
DA:405,2
DA:406,2
DA:407,2
DA:408,2
DA:409,2
DA:411,2
DA:412,2
DA:415,1
DA:418,1
DA:419,1
DA:446,1
DA:449,1
DA:450,1
DA:451,1
DA:452,1
DA:453,1
DA:455,1
DA:458,1
DA:459,1
DA:460,1
DA:464,0
DA:466,1
DA:467,1
DA:468,1
DA:472,0
DA:478,1
DA:480,1
DA:483,1
DA:494,1
DA:496,1
DA:498,1
DA:499,1
DA:500,1
DA:501,1
DA:502,1
DA:503,1
DA:504,1
DA:505,1
DA:506,1
DA:507,1
DA:508,2
DA:510,1
DA:512,1
DA:513,1
DA:516,0
DA:517,0
DA:518,0
DA:520,0
DA:523,0
DA:524,0
DA:525,0
DA:527,0
DA:528,0
DA:529,0
DA:533,1
DA:536,1
DA:537,1
DA:548,1
DA:549,1
DA:550,1
DA:551,1
DA:555,0
DA:557,1
DA:558,1
DA:559,1
DA:563,0
DA:566,1
DA:568,1
DA:569,1
DA:570,1
DA:571,1
DA:572,1
DA:573,1
DA:575,1
DA:580,1
DA:585,1
DA:587,1
LF:185
LH:138
BRDA:35,0,0,0
BRDA:35,0,1,1
BRDA:39,1,0,0
BRDA:39,1,1,1
BRDA:44,2,0,1
BRDA:44,2,1,0
BRDA:123,3,0,0
BRDA:123,3,1,0
BRDA:127,4,0,0
BRDA:127,4,1,0
BRDA:132,5,0,0
BRDA:132,5,1,0
BRDA:137,6,0,0
BRDA:137,6,1,0
BRDA:208,7,0,0
BRDA:208,7,1,1
BRDA:213,8,0,0
BRDA:213,8,1,1
BRDA:236,9,0,0
BRDA:236,9,1,1
BRDA:260,10,0,0
BRDA:260,10,1,1
BRDA:268,11,0,0
BRDA:268,11,1,5
BRDA:325,12,0,2
BRDA:325,12,1,0
BRDA:397,13,0,2
BRDA:397,13,1,0
BRDA:459,14,0,1
BRDA:459,14,1,0
BRDA:467,15,0,1
BRDA:467,15,1,0
BRDA:478,16,0,1
BRDA:478,16,1,0
BRDA:478,17,0,1
BRDA:478,17,1,1
BRDA:494,18,0,1
BRDA:494,18,1,0
BRDA:550,19,0,1
BRDA:550,19,1,0
BRDA:558,20,0,1
BRDA:558,20,1,0
BRF:42
BRH:18
end_of_record
TN:
SF:services/RestaurantSalesReportService.js
FN:6,(anonymous_0)
FN:61,(anonymous_1)
FN:70,getWeekNumber
FN:75,getWeeksInMonth
FN:80,(anonymous_4)
FN:155,(anonymous_5)
FN:166,(anonymous_6)
FN:229,(anonymous_7)
FN:242,(anonymous_8)
FN:290,(anonymous_9)
FN:301,(anonymous_10)
FNF:11
FNH:11
FNDA:1,(anonymous_0)
FNDA:2,(anonymous_1)
FNDA:2,getWeekNumber
FNDA:1,getWeeksInMonth
FNDA:1,(anonymous_4)
FNDA:2,(anonymous_5)
FNDA:1,(anonymous_6)
FNDA:2,(anonymous_7)
FNDA:1,(anonymous_8)
FNDA:2,(anonymous_9)
FNDA:1,(anonymous_10)
DA:1,1
DA:2,1
DA:3,1
DA:4,1
DA:6,1
DA:7,1
DA:10,1
DA:11,1
DA:13,1
DA:19,1
DA:21,0
DA:27,0
DA:31,0
DA:37,0
DA:41,1
DA:51,1
DA:61,1
DA:62,2
DA:63,2
DA:66,1
DA:71,2
DA:76,1
DA:77,1
DA:80,1
DA:81,1
DA:82,1
DA:84,1
DA:85,1
DA:87,1
DA:88,1
DA:91,1
DA:92,1
DA:94,1
DA:100,1
DA:102,0
DA:108,0
DA:112,0
DA:118,0
DA:122,1
DA:131,1
DA:135,1
DA:139,1
DA:142,1
DA:152,1
DA:155,1
DA:156,2
DA:157,2
DA:158,2
DA:159,2
DA:163,1
DA:166,1
DA:167,1
DA:170,1
DA:171,1
DA:172,1
DA:173,1
DA:176,1
DA:177,1
DA:180,1
DA:186,1
DA:189,0
DA:195,0
DA:199,0
DA:205,0
DA:208,1
DA:218,1
DA:229,1
DA:230,2
DA:231,2
DA:232,2
DA:233,2
DA:237,1
DA:242,1
DA:247,1
DA:250,1
DA:252,1
DA:253,1
DA:254,1
DA:255,1
DA:257,0
DA:258,0
DA:259,0
DA:260,0
DA:263,0
DA:264,0
DA:265,0
DA:266,0
DA:270,1
DA:279,1
DA:290,1
DA:291,2
DA:292,2
DA:293,2
DA:294,2
DA:298,1
DA:301,1
DA:303,1
DA:304,1
DA:307,1
DA:308,1
DA:309,1
DA:310,1
DA:311,1
DA:312,1
DA:315,1
DA:316,1
DA:317,1
DA:318,1
DA:319,1
DA:320,1
DA:323,1
DA:325,1
DA:338,1
DA:351,1
DA:363,1
DA:364,1
DA:365,1
DA:368,1
DA:369,1
DA:370,1
DA:372,1
DA:379,0
DA:380,0
LF:123
LH:101
BRDA:11,0,0,1
BRDA:11,0,1,0
BRDA:11,0,2,0
BRDA:92,1,0,1
BRDA:92,1,1,0
BRDA:92,1,2,0
BRDA:158,2,0,2
BRDA:158,2,1,0
BRDA:158,3,0,2
BRDA:158,3,1,2
BRDA:177,4,0,1
BRDA:177,4,1,0
BRDA:177,4,2,0
BRDA:232,5,0,2
BRDA:232,5,1,0
BRDA:232,6,0,2
BRDA:232,6,1,2
BRDA:250,7,0,1
BRDA:250,7,1,0
BRDA:250,7,2,0
BRDA:293,8,0,2
BRDA:293,8,1,0
BRDA:293,9,0,2
BRDA:293,9,1,2
BRDA:363,10,0,1
BRDA:363,10,1,0
BRDA:364,11,0,1
BRDA:364,11,1,0
BRDA:365,12,0,1
BRDA:365,12,1,0
BRF:30
BRH:16
end_of_record
