TN:
SF:services/ConsumerExpenseReportService.js
FN:6,(anonymous_0)
FNF:1
FNH:1
FNDA:1,(anonymous_0)
DA:1,1
DA:2,1
DA:3,1
DA:4,1
DA:6,1
DA:8,1
DA:9,1
DA:10,1
DA:11,1
DA:12,1
DA:13,1
DA:14,1
DA:15,1
DA:16,1
DA:17,1
DA:22,1
DA:47,1
DA:48,1
DA:49,1
DA:50,1
DA:51,1
DA:53,1
DA:54,1
DA:55,1
DA:56,1
DA:58,1
DA:59,1
DA:60,1
DA:61,1
DA:62,1
DA:63,1
DA:64,1
DA:67,1
DA:69,1
LF:34
LH:34
BRF:0
BRH:0
end_of_record
TN:
SF:services/ConsumerInfoService.js
FN:6,(anonymous_0)
FN:29,(anonymous_1)
FNF:2
FNH:2
FNDA:1,(anonymous_0)
FNDA:2,(anonymous_1)
DA:1,1
DA:2,1
DA:3,1
DA:4,1
DA:6,1
DA:8,1
DA:18,1
DA:20,1
DA:21,1
DA:22,1
DA:23,1
DA:24,1
DA:26,1
DA:29,1
DA:31,2
DA:35,2
DA:37,2
DA:38,2
DA:39,2
DA:40,1
DA:43,1
DA:52,1
DA:53,1
DA:54,1
LF:24
LH:24
BRDA:39,0,0,1
BRDA:39,0,1,1
BRF:2
BRH:2
end_of_record
TN:
SF:services/RestaurantInfoService.js
FN:5,(anonymous_0)
FN:93,(anonymous_1)
FN:193,(anonymous_2)
FN:222,(anonymous_3)
FN:227,(anonymous_4)
FN:240,(anonymous_5)
FN:272,(anonymous_6)
FN:341,(anonymous_7)
FN:413,(anonymous_8)
FN:531,(anonymous_9)
FNF:10
FNH:9
FNDA:1,(anonymous_0)
FNDA:0,(anonymous_1)
FNDA:1,(anonymous_2)
FNDA:2,(anonymous_3)
FNDA:2,(anonymous_4)
FNDA:1,(anonymous_5)
FNDA:1,(anonymous_6)
FNDA:1,(anonymous_7)
FNDA:1,(anonymous_8)
FNDA:1,(anonymous_9)
DA:1,1
DA:2,1
DA:3,1
DA:5,1
DA:6,1
DA:32,1
DA:35,1
DA:38,1
DA:39,1
DA:40,0
DA:44,1
DA:47,1
DA:68,1
DA:69,1
DA:70,1
DA:71,1
DA:78,1
DA:79,1
DA:82,1
DA:86,0
DA:88,0
DA:89,0
DA:93,1
DA:94,0
DA:120,0
DA:123,0
DA:126,0
DA:127,0
DA:128,0
DA:132,0
DA:136,0
DA:137,0
DA:138,0
DA:141,0
DA:161,0
DA:166,0
DA:167,0
DA:168,0
DA:169,0
DA:176,0
DA:177,0
DA:178,0
DA:181,0
DA:183,0
DA:186,0
DA:188,0
DA:189,0
DA:193,1
DA:194,1
DA:208,1
DA:209,0
DA:212,1
DA:213,1
DA:214,0
DA:218,1
DA:222,2
DA:227,2
DA:236,1
DA:237,1
DA:240,1
DA:241,1
DA:255,1
DA:256,0
DA:260,1
DA:261,1
DA:262,1
DA:263,5
DA:264,0
DA:267,1
DA:272,1
DA:273,1
DA:299,1
DA:300,1
DA:301,1
DA:302,2
DA:305,2
DA:306,2
DA:307,2
DA:309,2
DA:320,2
DA:322,2
DA:324,2
DA:326,2
DA:327,2
DA:328,2
DA:329,2
DA:330,2
DA:331,2
DA:332,2
DA:334,2
DA:335,2
DA:338,1
DA:341,1
DA:342,1
DA:371,1
DA:372,1
DA:373,1
DA:374,2
DA:377,2
DA:378,2
DA:379,2
DA:381,2
DA:392,2
DA:394,2
DA:396,2
DA:398,2
DA:399,2
DA:400,2
DA:401,2
DA:402,2
DA:403,2
DA:404,2
DA:406,2
DA:407,2
DA:410,1
DA:413,1
DA:414,1
DA:441,1
DA:444,1
DA:445,1
DA:446,1
DA:447,1
DA:448,1
DA:450,1
DA:453,1
DA:454,1
DA:455,1
DA:459,0
DA:461,1
DA:462,1
DA:463,1
DA:467,0
DA:473,1
DA:475,1
DA:478,1
DA:489,1
DA:491,1
DA:493,1
DA:494,1
DA:495,1
DA:496,1
DA:497,1
DA:498,1
DA:499,1
DA:500,1
DA:501,1
DA:502,1
DA:503,2
DA:505,1
DA:507,1
DA:508,1
DA:511,0
DA:512,0
DA:513,0
DA:515,0
DA:518,0
DA:519,0
DA:520,0
DA:522,0
DA:523,0
DA:524,0
DA:528,1
DA:531,1
DA:532,1
DA:543,1
DA:544,1
DA:545,1
DA:546,1
DA:550,0
DA:552,1
DA:553,1
DA:554,1
DA:558,0
DA:561,1
DA:563,1
DA:564,1
DA:565,1
DA:566,1
DA:567,1
DA:568,1
DA:570,1
DA:575,1
DA:580,1
DA:582,1
LF:184
LH:138
BRDA:35,0,0,0
BRDA:35,0,1,1
BRDA:39,1,0,0
BRDA:39,1,1,1
BRDA:44,2,0,1
BRDA:44,2,1,0
BRDA:123,3,0,0
BRDA:123,3,1,0
BRDA:127,4,0,0
BRDA:127,4,1,0
BRDA:132,5,0,0
BRDA:132,5,1,0
BRDA:137,6,0,0
BRDA:137,6,1,0
BRDA:208,7,0,0
BRDA:208,7,1,1
BRDA:213,8,0,0
BRDA:213,8,1,1
BRDA:255,9,0,0
BRDA:255,9,1,1
BRDA:263,10,0,0
BRDA:263,10,1,5
BRDA:320,11,0,2
BRDA:320,11,1,0
BRDA:392,12,0,2
BRDA:392,12,1,0
BRDA:454,13,0,1
BRDA:454,13,1,0
BRDA:462,14,0,1
BRDA:462,14,1,0
BRDA:473,15,0,1
BRDA:473,15,1,0
BRDA:473,16,0,1
BRDA:473,16,1,1
BRDA:489,17,0,1
BRDA:489,17,1,0
BRDA:545,18,0,1
BRDA:545,18,1,0
BRDA:553,19,0,1
BRDA:553,19,1,0
BRF:40
BRH:17
end_of_record
TN:
SF:services/RestaurantSalesReportService.js
FN:6,(anonymous_0)
FN:61,(anonymous_1)
FN:70,getWeekNumber
FN:75,getWeeksInMonth
FN:80,(anonymous_4)
FN:155,(anonymous_5)
FN:166,(anonymous_6)
FN:229,(anonymous_7)
FN:242,(anonymous_8)
FN:290,(anonymous_9)
FN:301,(anonymous_10)
FNF:11
FNH:11
FNDA:1,(anonymous_0)
FNDA:2,(anonymous_1)
FNDA:2,getWeekNumber
FNDA:1,getWeeksInMonth
FNDA:1,(anonymous_4)
FNDA:2,(anonymous_5)
FNDA:1,(anonymous_6)
FNDA:2,(anonymous_7)
FNDA:1,(anonymous_8)
FNDA:2,(anonymous_9)
FNDA:1,(anonymous_10)
DA:1,1
DA:2,1
DA:3,1
DA:4,1
DA:6,1
DA:7,1
DA:10,1
DA:11,1
DA:13,1
DA:19,1
DA:21,0
DA:27,0
DA:31,0
DA:37,0
DA:41,1
DA:51,1
DA:61,1
DA:62,2
DA:63,2
DA:66,1
DA:71,2
DA:76,1
DA:77,1
DA:80,1
DA:81,1
DA:82,1
DA:84,1
DA:85,1
DA:87,1
DA:88,1
DA:91,1
DA:92,1
DA:94,1
DA:100,1
DA:102,0
DA:108,0
DA:112,0
DA:118,0
DA:122,1
DA:131,1
DA:135,1
DA:139,1
DA:142,1
DA:152,1
DA:155,1
DA:156,2
DA:157,2
DA:158,2
DA:159,2
DA:163,1
DA:166,1
DA:167,1
DA:170,1
DA:171,1
DA:172,1
DA:173,1
DA:176,1
DA:177,1
DA:180,1
DA:186,1
DA:189,0
DA:195,0
DA:199,0
DA:205,0
DA:208,1
DA:218,1
DA:229,1
DA:230,2
DA:231,2
DA:232,2
DA:233,2
DA:237,1
DA:242,1
DA:247,1
DA:250,1
DA:252,1
DA:253,1
DA:254,1
DA:255,1
DA:257,0
DA:258,0
DA:259,0
DA:260,0
DA:263,0
DA:264,0
DA:265,0
DA:266,0
DA:270,1
DA:279,1
DA:290,1
DA:291,2
DA:292,2
DA:293,2
DA:294,2
DA:298,1
DA:301,1
DA:303,1
DA:304,1
DA:307,1
DA:308,1
DA:309,1
DA:310,1
DA:311,1
DA:312,1
DA:315,1
DA:316,1
DA:317,1
DA:318,1
DA:319,1
DA:320,1
DA:323,1
DA:325,1
DA:338,1
DA:351,1
DA:363,1
DA:364,1
DA:365,1
DA:368,1
DA:369,1
DA:370,1
DA:372,1
DA:379,0
DA:380,0
LF:123
LH:101
BRDA:11,0,0,1
BRDA:11,0,1,0
BRDA:11,0,2,0
BRDA:92,1,0,1
BRDA:92,1,1,0
BRDA:92,1,2,0
BRDA:158,2,0,2
BRDA:158,2,1,0
BRDA:158,3,0,2
BRDA:158,3,1,2
BRDA:177,4,0,1
BRDA:177,4,1,0
BRDA:177,4,2,0
BRDA:232,5,0,2
BRDA:232,5,1,0
BRDA:232,6,0,2
BRDA:232,6,1,2
BRDA:250,7,0,1
BRDA:250,7,1,0
BRDA:250,7,2,0
BRDA:293,8,0,2
BRDA:293,8,1,0
BRDA:293,9,0,2
BRDA:293,9,1,2
BRDA:363,10,0,1
BRDA:363,10,1,0
BRDA:364,11,0,1
BRDA:364,11,1,0
BRDA:365,12,0,1
BRDA:365,12,1,0
BRF:30
BRH:16
end_of_record
